2017-09-01 09:23:57 [ main:1 ] - [ INFO ] Loaded default TestExecutionListener class names from location [META-INF/spring.factories]: [org.springframework.test.context.web.ServletTestExecutionListener, org.springframework.test.context.support.DirtiesContextBeforeModesTestExecutionListener, org.springframework.test.context.support.DependencyInjectionTestExecutionListener, org.springframework.test.context.support.DirtiesContextTestExecutionListener, org.springframework.test.context.transaction.TransactionalTestExecutionListener, org.springframework.test.context.jdbc.SqlScriptsTestExecutionListener]
 2017-09-01 09:23:57 [ main:51 ] - [ INFO ] Using TestExecutionListeners: [org.springframework.test.context.web.ServletTestExecutionListener@419c5f1a, org.springframework.test.context.support.DirtiesContextBeforeModesTestExecutionListener@12b0404f, org.springframework.test.context.support.DependencyInjectionTestExecutionListener@769e7ee8, org.springframework.test.context.support.DirtiesContextTestExecutionListener@5276e6b0, org.springframework.test.context.transaction.TransactionalTestExecutionListener@71b1176b, org.springframework.test.context.jdbc.SqlScriptsTestExecutionListener@6193932a]
 2017-09-01 09:23:57 [ main:169 ] - [ INFO ] Loading XML bean definitions from class path resource [com/sp/config/spring-common.xml]
 2017-09-01 09:23:58 [ main:684 ] - [ INFO ] Loading XML bean definitions from class path resource [com/sp/config/spring-db.xml]
 2017-09-01 09:23:58 [ main:720 ] - [ INFO ] Loading XML bean definitions from class path resource [com/sp/config/spring-mybatis.xml]
 2017-09-01 09:23:58 [ main:758 ] - [ INFO ] Loading XML bean definitions from class path resource [com/sp/config/spring-dao.xml]
 2017-09-01 09:23:58 [ main:856 ] - [ INFO ] Loading XML bean definitions from class path resource [com/sp/config/spring-tx.xml]
 2017-09-01 09:23:58 [ main:908 ] - [ INFO ] Refreshing org.springframework.context.support.GenericApplicationContext@41fbdac4: startup date [Fri Sep 01 09:23:58 CST 2017]; root of context hierarchy
 2017-09-01 09:23:58 [ main:1299 ] - [ WARN ] No MyBatis mapper was found in '[com.sp.net.dao.impl]' package. Please check your configuration.
 2017-09-01 09:24:00 [ main:3312 ] - [ INFO ] {dataSource-1} inited
 2017-09-01 09:24:15 [ main:17462 ] - [ DEBUG ] ==>  Preparing: SELECT M_ID, M_NAME, M_EXIST_COUNT, M_MIN_COUNT, M_CATEGORY, M_DIAMETER, M_LENGTH, M_WEIGHT, STATE FROM tb_material WHERE M_ID = ? 
 2017-09-01 09:24:15 [ main:17728 ] - [ DEBUG ] ==> Parameters: f3cad0698d6311e7b5cec85b76aeb963(String)
 2017-09-01 09:24:15 [ main:17958 ] - [ DEBUG ] <==      Total: 1
 2017-09-01 09:26:07 [ main:0 ] - [ INFO ] Loaded default TestExecutionListener class names from location [META-INF/spring.factories]: [org.springframework.test.context.web.ServletTestExecutionListener, org.springframework.test.context.support.DirtiesContextBeforeModesTestExecutionListener, org.springframework.test.context.support.DependencyInjectionTestExecutionListener, org.springframework.test.context.support.DirtiesContextTestExecutionListener, org.springframework.test.context.transaction.TransactionalTestExecutionListener, org.springframework.test.context.jdbc.SqlScriptsTestExecutionListener]
 2017-09-01 09:26:07 [ main:19 ] - [ INFO ] Using TestExecutionListeners: [org.springframework.test.context.web.ServletTestExecutionListener@419c5f1a, org.springframework.test.context.support.DirtiesContextBeforeModesTestExecutionListener@12b0404f, org.springframework.test.context.support.DependencyInjectionTestExecutionListener@769e7ee8, org.springframework.test.context.support.DirtiesContextTestExecutionListener@5276e6b0, org.springframework.test.context.transaction.TransactionalTestExecutionListener@71b1176b, org.springframework.test.context.jdbc.SqlScriptsTestExecutionListener@6193932a]
 2017-09-01 09:26:07 [ main:191 ] - [ INFO ] Loading XML bean definitions from class path resource [com/sp/config/spring-common.xml]
 2017-09-01 09:26:08 [ main:417 ] - [ INFO ] Loading XML bean definitions from class path resource [com/sp/config/spring-db.xml]
 2017-09-01 09:26:08 [ main:442 ] - [ INFO ] Loading XML bean definitions from class path resource [com/sp/config/spring-mybatis.xml]
 2017-09-01 09:26:08 [ main:466 ] - [ INFO ] Loading XML bean definitions from class path resource [com/sp/config/spring-dao.xml]
 2017-09-01 09:26:08 [ main:483 ] - [ INFO ] Loading XML bean definitions from class path resource [com/sp/config/spring-tx.xml]
 2017-09-01 09:26:08 [ main:531 ] - [ INFO ] Refreshing org.springframework.context.support.GenericApplicationContext@41fbdac4: startup date [Fri Sep 01 09:26:08 CST 2017]; root of context hierarchy
 2017-09-01 09:26:08 [ main:730 ] - [ WARN ] No MyBatis mapper was found in '[com.sp.net.dao.impl]' package. Please check your configuration.
 2017-09-01 09:26:09 [ main:2130 ] - [ INFO ] {dataSource-1} inited
 2017-09-01 09:26:17 [ Thread-0:139780 ] - [ INFO ] Closing org.springframework.context.support.GenericApplicationContext@41fbdac4: startup date [Fri Sep 01 09:23:58 CST 2017]; root of context hierarchy
 2017-09-01 09:26:17 [ Thread-0:139795 ] - [ INFO ] {dataSource-1} closed
 2017-09-01 10:03:01 [ main:0 ] - [ INFO ] Loaded default TestExecutionListener class names from location [META-INF/spring.factories]: [org.springframework.test.context.web.ServletTestExecutionListener, org.springframework.test.context.support.DirtiesContextBeforeModesTestExecutionListener, org.springframework.test.context.support.DependencyInjectionTestExecutionListener, org.springframework.test.context.support.DirtiesContextTestExecutionListener, org.springframework.test.context.transaction.TransactionalTestExecutionListener, org.springframework.test.context.jdbc.SqlScriptsTestExecutionListener]
 2017-09-01 10:03:01 [ main:19 ] - [ INFO ] Using TestExecutionListeners: [org.springframework.test.context.web.ServletTestExecutionListener@419c5f1a, org.springframework.test.context.support.DirtiesContextBeforeModesTestExecutionListener@12b0404f, org.springframework.test.context.support.DependencyInjectionTestExecutionListener@769e7ee8, org.springframework.test.context.support.DirtiesContextTestExecutionListener@5276e6b0, org.springframework.test.context.transaction.TransactionalTestExecutionListener@71b1176b, org.springframework.test.context.jdbc.SqlScriptsTestExecutionListener@6193932a]
 2017-09-01 10:03:01 [ main:139 ] - [ INFO ] Loading XML bean definitions from class path resource [com/sp/config/spring-common.xml]
 2017-09-01 10:03:01 [ main:358 ] - [ INFO ] Loading XML bean definitions from class path resource [com/sp/config/spring-db.xml]
 2017-09-01 10:03:01 [ main:381 ] - [ INFO ] Loading XML bean definitions from class path resource [com/sp/config/spring-mybatis.xml]
 2017-09-01 10:03:01 [ main:401 ] - [ INFO ] Loading XML bean definitions from class path resource [com/sp/config/spring-dao.xml]
 2017-09-01 10:03:01 [ main:417 ] - [ INFO ] Loading XML bean definitions from class path resource [com/sp/config/spring-tx.xml]
 2017-09-01 10:03:01 [ main:457 ] - [ INFO ] Refreshing org.springframework.context.support.GenericApplicationContext@41fbdac4: startup date [Fri Sep 01 10:03:01 CST 2017]; root of context hierarchy
 2017-09-01 10:03:02 [ main:646 ] - [ WARN ] No MyBatis mapper was found in '[com.sp.net.dao.impl]' package. Please check your configuration.
 2017-09-01 10:03:03 [ main:1927 ] - [ INFO ] {dataSource-1} inited
 2017-09-01 10:03:03 [ main:2004 ] - [ DEBUG ] ==>  Preparing: SELECT M_ID, M_NAME, M_EXIST_COUNT, M_MIN_COUNT, M_CATEGORY, M_DIAMETER, M_LENGTH, M_WEIGHT, STATE FROM tb_material WHERE M_ID = ? 
 2017-09-01 10:03:03 [ main:2028 ] - [ DEBUG ] ==> Parameters: f3cad0698d6311e7b5cec85b76aeb963(String)
 2017-09-01 10:03:03 [ main:2093 ] - [ DEBUG ] <==      Total: 1
 2017-09-01 10:03:05 [ Thread-0:3797 ] - [ INFO ] Closing org.springframework.context.support.GenericApplicationContext@41fbdac4: startup date [Fri Sep 01 10:03:01 CST 2017]; root of context hierarchy
 2017-09-01 10:03:05 [ Thread-0:3809 ] - [ INFO ] {dataSource-1} closed
 2017-09-01 10:04:21 [ main:0 ] - [ INFO ] Loaded default TestExecutionListener class names from location [META-INF/spring.factories]: [org.springframework.test.context.web.ServletTestExecutionListener, org.springframework.test.context.support.DirtiesContextBeforeModesTestExecutionListener, org.springframework.test.context.support.DependencyInjectionTestExecutionListener, org.springframework.test.context.support.DirtiesContextTestExecutionListener, org.springframework.test.context.transaction.TransactionalTestExecutionListener, org.springframework.test.context.jdbc.SqlScriptsTestExecutionListener]
 2017-09-01 10:04:21 [ main:20 ] - [ INFO ] Using TestExecutionListeners: [org.springframework.test.context.web.ServletTestExecutionListener@419c5f1a, org.springframework.test.context.support.DirtiesContextBeforeModesTestExecutionListener@12b0404f, org.springframework.test.context.support.DependencyInjectionTestExecutionListener@769e7ee8, org.springframework.test.context.support.DirtiesContextTestExecutionListener@5276e6b0, org.springframework.test.context.transaction.TransactionalTestExecutionListener@71b1176b, org.springframework.test.context.jdbc.SqlScriptsTestExecutionListener@6193932a]
 2017-09-01 10:04:21 [ main:128 ] - [ INFO ] Loading XML bean definitions from class path resource [com/sp/config/spring-common.xml]
 2017-09-01 10:04:21 [ main:368 ] - [ INFO ] Loading XML bean definitions from class path resource [com/sp/config/spring-db.xml]
 2017-09-01 10:04:21 [ main:389 ] - [ INFO ] Loading XML bean definitions from class path resource [com/sp/config/spring-mybatis.xml]
 2017-09-01 10:04:21 [ main:410 ] - [ INFO ] Loading XML bean definitions from class path resource [com/sp/config/spring-dao.xml]
 2017-09-01 10:04:21 [ main:428 ] - [ INFO ] Loading XML bean definitions from class path resource [com/sp/config/spring-tx.xml]
 2017-09-01 10:04:21 [ main:466 ] - [ INFO ] Refreshing org.springframework.context.support.GenericApplicationContext@41fbdac4: startup date [Fri Sep 01 10:04:21 CST 2017]; root of context hierarchy
 2017-09-01 10:04:21 [ main:630 ] - [ WARN ] No MyBatis mapper was found in '[com.sp.net.dao.impl]' package. Please check your configuration.
 2017-09-01 10:04:22 [ main:1750 ] - [ INFO ] {dataSource-1} inited
 2017-09-01 10:04:22 [ main:1781 ] - [ DEBUG ] ==>  Preparing: SELECT M_ID, M_NAME, M_EXIST_COUNT, M_MIN_COUNT, M_CATEGORY, M_DIAMETER, M_LENGTH, M_WEIGHT, STATE FROM tb_material WHERE M_ID = ? 
 2017-09-01 10:04:22 [ main:1800 ] - [ DEBUG ] ==> Parameters: f3cad0698d6311e7b5cec85b76aeb963(String)
 2017-09-01 10:04:22 [ main:1875 ] - [ DEBUG ] <==      Total: 1
 2017-09-01 10:04:24 [ Thread-0:3343 ] - [ INFO ] Closing org.springframework.context.support.GenericApplicationContext@41fbdac4: startup date [Fri Sep 01 10:04:21 CST 2017]; root of context hierarchy
 2017-09-01 10:04:24 [ Thread-0:3363 ] - [ INFO ] {dataSource-1} closed
 2017-09-01 10:06:21 [ main:1 ] - [ INFO ] Loaded default TestExecutionListener class names from location [META-INF/spring.factories]: [org.springframework.test.context.web.ServletTestExecutionListener, org.springframework.test.context.support.DirtiesContextBeforeModesTestExecutionListener, org.springframework.test.context.support.DependencyInjectionTestExecutionListener, org.springframework.test.context.support.DirtiesContextTestExecutionListener, org.springframework.test.context.transaction.TransactionalTestExecutionListener, org.springframework.test.context.jdbc.SqlScriptsTestExecutionListener]
 2017-09-01 10:06:21 [ main:25 ] - [ INFO ] Using TestExecutionListeners: [org.springframework.test.context.web.ServletTestExecutionListener@419c5f1a, org.springframework.test.context.support.DirtiesContextBeforeModesTestExecutionListener@12b0404f, org.springframework.test.context.support.DependencyInjectionTestExecutionListener@769e7ee8, org.springframework.test.context.support.DirtiesContextTestExecutionListener@5276e6b0, org.springframework.test.context.transaction.TransactionalTestExecutionListener@71b1176b, org.springframework.test.context.jdbc.SqlScriptsTestExecutionListener@6193932a]
 2017-09-01 10:06:21 [ main:182 ] - [ INFO ] Loading XML bean definitions from class path resource [com/sp/config/spring-common.xml]
 2017-09-01 10:06:21 [ main:406 ] - [ INFO ] Loading XML bean definitions from class path resource [com/sp/config/spring-db.xml]
 2017-09-01 10:06:21 [ main:434 ] - [ INFO ] Loading XML bean definitions from class path resource [com/sp/config/spring-mybatis.xml]
 2017-09-01 10:06:21 [ main:458 ] - [ INFO ] Loading XML bean definitions from class path resource [com/sp/config/spring-dao.xml]
 2017-09-01 10:06:21 [ main:483 ] - [ INFO ] Loading XML bean definitions from class path resource [com/sp/config/spring-tx.xml]
 2017-09-01 10:06:21 [ main:521 ] - [ INFO ] Refreshing org.springframework.context.support.GenericApplicationContext@41fbdac4: startup date [Fri Sep 01 10:06:21 CST 2017]; root of context hierarchy
 2017-09-01 10:06:21 [ main:717 ] - [ WARN ] No MyBatis mapper was found in '[com.sp.net.dao.impl]' package. Please check your configuration.
 2017-09-01 10:06:23 [ main:2133 ] - [ INFO ] {dataSource-1} inited
 2017-09-01 10:06:23 [ main:2164 ] - [ DEBUG ] ==>  Preparing: SELECT M_ID, M_NAME, M_EXIST_COUNT, M_MIN_COUNT, M_CATEGORY, M_DIAMETER, M_LENGTH, M_WEIGHT, STATE FROM tb_material WHERE M_ID = ? 
 2017-09-01 10:06:23 [ main:2202 ] - [ DEBUG ] ==> Parameters: f3cad0698d6311e7b5cec85b76aeb963(String)
 2017-09-01 10:06:23 [ main:2383 ] - [ DEBUG ] <==      Total: 1
 2017-09-01 10:06:25 [ Thread-0:4104 ] - [ INFO ] Closing org.springframework.context.support.GenericApplicationContext@41fbdac4: startup date [Fri Sep 01 10:06:21 CST 2017]; root of context hierarchy
 2017-09-01 10:06:25 [ Thread-0:4132 ] - [ INFO ] {dataSource-1} closed
 2017-09-01 10:07:43 [ main:0 ] - [ INFO ] Loaded default TestExecutionListener class names from location [META-INF/spring.factories]: [org.springframework.test.context.web.ServletTestExecutionListener, org.springframework.test.context.support.DirtiesContextBeforeModesTestExecutionListener, org.springframework.test.context.support.DependencyInjectionTestExecutionListener, org.springframework.test.context.support.DirtiesContextTestExecutionListener, org.springframework.test.context.transaction.TransactionalTestExecutionListener, org.springframework.test.context.jdbc.SqlScriptsTestExecutionListener]
 2017-09-01 10:07:43 [ main:19 ] - [ INFO ] Using TestExecutionListeners: [org.springframework.test.context.web.ServletTestExecutionListener@12b0404f, org.springframework.test.context.support.DirtiesContextBeforeModesTestExecutionListener@769e7ee8, org.springframework.test.context.support.DependencyInjectionTestExecutionListener@5276e6b0, org.springframework.test.context.support.DirtiesContextTestExecutionListener@71b1176b, org.springframework.test.context.transaction.TransactionalTestExecutionListener@6193932a, org.springframework.test.context.jdbc.SqlScriptsTestExecutionListener@647fd8ce]
 2017-09-01 10:07:43 [ main:158 ] - [ INFO ] Loading XML bean definitions from class path resource [com/sp/config/spring-common.xml]
 2017-09-01 10:07:43 [ main:395 ] - [ INFO ] Loading XML bean definitions from class path resource [com/sp/config/spring-db.xml]
 2017-09-01 10:07:43 [ main:416 ] - [ INFO ] Loading XML bean definitions from class path resource [com/sp/config/spring-mybatis.xml]
 2017-09-01 10:07:43 [ main:446 ] - [ INFO ] Loading XML bean definitions from class path resource [com/sp/config/spring-dao.xml]
 2017-09-01 10:07:43 [ main:476 ] - [ INFO ] Loading XML bean definitions from class path resource [com/sp/config/spring-tx.xml]
 2017-09-01 10:07:43 [ main:545 ] - [ INFO ] Refreshing org.springframework.context.support.GenericApplicationContext@3c407114: startup date [Fri Sep 01 10:07:43 CST 2017]; root of context hierarchy
 2017-09-01 10:07:44 [ main:753 ] - [ WARN ] No MyBatis mapper was found in '[com.sp.net.dao.impl]' package. Please check your configuration.
 2017-09-01 10:07:45 [ main:2101 ] - [ INFO ] {dataSource-1} inited
 2017-09-01 10:07:45 [ main:2126 ] - [ DEBUG ] ==>  Preparing: SELECT A_id, A_account, A_pwd, A_role, A_dept, A_name, A_contact, STATE FROM tb_admin WHERE A_id = ? 
 2017-09-01 10:07:45 [ main:2143 ] - [ DEBUG ] ==> Parameters: 1(String)
 2017-09-01 10:07:45 [ main:2210 ] - [ DEBUG ] <==      Total: 1
 2017-09-01 10:07:45 [ Thread-0:2221 ] - [ INFO ] Closing org.springframework.context.support.GenericApplicationContext@3c407114: startup date [Fri Sep 01 10:07:43 CST 2017]; root of context hierarchy
 2017-09-01 10:07:45 [ Thread-0:2232 ] - [ INFO ] {dataSource-1} closed
 2017-09-01 10:08:43 [ main:1 ] - [ INFO ] Loaded default TestExecutionListener class names from location [META-INF/spring.factories]: [org.springframework.test.context.web.ServletTestExecutionListener, org.springframework.test.context.support.DirtiesContextBeforeModesTestExecutionListener, org.springframework.test.context.support.DependencyInjectionTestExecutionListener, org.springframework.test.context.support.DirtiesContextTestExecutionListener, org.springframework.test.context.transaction.TransactionalTestExecutionListener, org.springframework.test.context.jdbc.SqlScriptsTestExecutionListener]
 2017-09-01 10:08:44 [ main:32 ] - [ INFO ] Using TestExecutionListeners: [org.springframework.test.context.web.ServletTestExecutionListener@419c5f1a, org.springframework.test.context.support.DirtiesContextBeforeModesTestExecutionListener@12b0404f, org.springframework.test.context.support.DependencyInjectionTestExecutionListener@769e7ee8, org.springframework.test.context.support.DirtiesContextTestExecutionListener@5276e6b0, org.springframework.test.context.transaction.TransactionalTestExecutionListener@71b1176b, org.springframework.test.context.jdbc.SqlScriptsTestExecutionListener@6193932a]
 2017-09-01 10:08:44 [ main:173 ] - [ INFO ] Loading XML bean definitions from class path resource [com/sp/config/spring-common.xml]
 2017-09-01 10:08:44 [ main:417 ] - [ INFO ] Loading XML bean definitions from class path resource [com/sp/config/spring-db.xml]
 2017-09-01 10:08:44 [ main:442 ] - [ INFO ] Loading XML bean definitions from class path resource [com/sp/config/spring-mybatis.xml]
 2017-09-01 10:08:44 [ main:462 ] - [ INFO ] Loading XML bean definitions from class path resource [com/sp/config/spring-dao.xml]
 2017-09-01 10:08:44 [ main:496 ] - [ INFO ] Loading XML bean definitions from class path resource [com/sp/config/spring-tx.xml]
 2017-09-01 10:08:44 [ main:547 ] - [ INFO ] Refreshing org.springframework.context.support.GenericApplicationContext@41fbdac4: startup date [Fri Sep 01 10:08:44 CST 2017]; root of context hierarchy
 2017-09-01 10:08:44 [ main:745 ] - [ WARN ] No MyBatis mapper was found in '[com.sp.net.dao.impl]' package. Please check your configuration.
 2017-09-01 10:08:46 [ main:2098 ] - [ INFO ] {dataSource-1} inited
 2017-09-01 10:08:47 [ Thread-0:3755 ] - [ INFO ] Closing org.springframework.context.support.GenericApplicationContext@41fbdac4: startup date [Fri Sep 01 10:08:44 CST 2017]; root of context hierarchy
 2017-09-01 10:08:47 [ Thread-0:3772 ] - [ INFO ] {dataSource-1} closed
 2017-09-01 10:09:05 [ main:0 ] - [ INFO ] Loaded default TestExecutionListener class names from location [META-INF/spring.factories]: [org.springframework.test.context.web.ServletTestExecutionListener, org.springframework.test.context.support.DirtiesContextBeforeModesTestExecutionListener, org.springframework.test.context.support.DependencyInjectionTestExecutionListener, org.springframework.test.context.support.DirtiesContextTestExecutionListener, org.springframework.test.context.transaction.TransactionalTestExecutionListener, org.springframework.test.context.jdbc.SqlScriptsTestExecutionListener]
 2017-09-01 10:09:05 [ main:20 ] - [ INFO ] Using TestExecutionListeners: [org.springframework.test.context.web.ServletTestExecutionListener@419c5f1a, org.springframework.test.context.support.DirtiesContextBeforeModesTestExecutionListener@12b0404f, org.springframework.test.context.support.DependencyInjectionTestExecutionListener@769e7ee8, org.springframework.test.context.support.DirtiesContextTestExecutionListener@5276e6b0, org.springframework.test.context.transaction.TransactionalTestExecutionListener@71b1176b, org.springframework.test.context.jdbc.SqlScriptsTestExecutionListener@6193932a]
 2017-09-01 10:09:05 [ main:184 ] - [ INFO ] Loading XML bean definitions from class path resource [com/sp/config/spring-common.xml]
 2017-09-01 10:09:05 [ main:431 ] - [ INFO ] Loading XML bean definitions from class path resource [com/sp/config/spring-db.xml]
 2017-09-01 10:09:06 [ main:458 ] - [ INFO ] Loading XML bean definitions from class path resource [com/sp/config/spring-mybatis.xml]
 2017-09-01 10:09:06 [ main:492 ] - [ INFO ] Loading XML bean definitions from class path resource [com/sp/config/spring-dao.xml]
 2017-09-01 10:09:06 [ main:523 ] - [ INFO ] Loading XML bean definitions from class path resource [com/sp/config/spring-tx.xml]
 2017-09-01 10:09:06 [ main:612 ] - [ INFO ] Refreshing org.springframework.context.support.GenericApplicationContext@41fbdac4: startup date [Fri Sep 01 10:09:06 CST 2017]; root of context hierarchy
 2017-09-01 10:09:06 [ main:832 ] - [ WARN ] No MyBatis mapper was found in '[com.sp.net.dao.impl]' package. Please check your configuration.
 2017-09-01 10:09:07 [ main:2209 ] - [ INFO ] {dataSource-1} inited
 2017-09-01 10:09:09 [ Thread-0:4078 ] - [ INFO ] Closing org.springframework.context.support.GenericApplicationContext@41fbdac4: startup date [Fri Sep 01 10:09:06 CST 2017]; root of context hierarchy
 2017-09-01 10:09:09 [ Thread-0:4101 ] - [ INFO ] {dataSource-1} closed
 2017-09-01 10:22:25 [ main:3377948 ] - [ DEBUG ] ==>  Preparing: SELECT M_ID, M_NAME, M_EXIST_COUNT, M_MIN_COUNT, M_CATEGORY, M_DIAMETER, M_LENGTH, M_WEIGHT, STATE FROM tb_material WHERE M_ID = ? 
 2017-09-01 10:22:25 [ main:3377991 ] - [ DEBUG ] ==> Parameters: f3cad0698d6311e7b5cec85b76aeb963(String)
 2017-09-01 10:22:25 [ main:3378119 ] - [ DEBUG ] <==      Total: 1
 2017-09-01 10:22:25 [ Thread-0:3378300 ] - [ INFO ] Closing org.springframework.context.support.GenericApplicationContext@41fbdac4: startup date [Fri Sep 01 09:26:08 CST 2017]; root of context hierarchy
 2017-09-01 10:22:25 [ Thread-0:3378307 ] - [ INFO ] {dataSource-1} closed
 2017-09-01 10:25:19 [ main:0 ] - [ INFO ] Loaded default TestExecutionListener class names from location [META-INF/spring.factories]: [org.springframework.test.context.web.ServletTestExecutionListener, org.springframework.test.context.support.DirtiesContextBeforeModesTestExecutionListener, org.springframework.test.context.support.DependencyInjectionTestExecutionListener, org.springframework.test.context.support.DirtiesContextTestExecutionListener, org.springframework.test.context.transaction.TransactionalTestExecutionListener, org.springframework.test.context.jdbc.SqlScriptsTestExecutionListener]
 2017-09-01 10:25:19 [ main:21 ] - [ INFO ] Using TestExecutionListeners: [org.springframework.test.context.web.ServletTestExecutionListener@419c5f1a, org.springframework.test.context.support.DirtiesContextBeforeModesTestExecutionListener@12b0404f, org.springframework.test.context.support.DependencyInjectionTestExecutionListener@769e7ee8, org.springframework.test.context.support.DirtiesContextTestExecutionListener@5276e6b0, org.springframework.test.context.transaction.TransactionalTestExecutionListener@71b1176b, org.springframework.test.context.jdbc.SqlScriptsTestExecutionListener@6193932a]
 2017-09-01 10:25:19 [ main:203 ] - [ INFO ] Loading XML bean definitions from class path resource [com/sp/config/spring-common.xml]
 2017-09-01 10:25:20 [ main:712 ] - [ INFO ] Loading XML bean definitions from class path resource [com/sp/config/spring-db.xml]
 2017-09-01 10:25:20 [ main:729 ] - [ INFO ] Loading XML bean definitions from class path resource [com/sp/config/spring-mybatis.xml]
 2017-09-01 10:25:20 [ main:747 ] - [ INFO ] Loading XML bean definitions from class path resource [com/sp/config/spring-dao.xml]
 2017-09-01 10:25:20 [ main:765 ] - [ INFO ] Loading XML bean definitions from class path resource [com/sp/config/spring-tx.xml]
 2017-09-01 10:25:20 [ main:832 ] - [ INFO ] Refreshing org.springframework.context.support.GenericApplicationContext@41fbdac4: startup date [Fri Sep 01 10:25:20 CST 2017]; root of context hierarchy
 2017-09-01 10:25:20 [ main:1153 ] - [ WARN ] No MyBatis mapper was found in '[com.sp.net.dao.impl]' package. Please check your configuration.
 2017-09-01 10:25:22 [ main:2668 ] - [ INFO ] {dataSource-1} inited
 2017-09-01 10:25:24 [ Thread-0:5005 ] - [ INFO ] Closing org.springframework.context.support.GenericApplicationContext@41fbdac4: startup date [Fri Sep 01 10:25:20 CST 2017]; root of context hierarchy
 2017-09-01 10:25:24 [ Thread-0:5023 ] - [ INFO ] {dataSource-1} closed
 2017-09-01 10:25:36 [ main:0 ] - [ INFO ] Loaded default TestExecutionListener class names from location [META-INF/spring.factories]: [org.springframework.test.context.web.ServletTestExecutionListener, org.springframework.test.context.support.DirtiesContextBeforeModesTestExecutionListener, org.springframework.test.context.support.DependencyInjectionTestExecutionListener, org.springframework.test.context.support.DirtiesContextTestExecutionListener, org.springframework.test.context.transaction.TransactionalTestExecutionListener, org.springframework.test.context.jdbc.SqlScriptsTestExecutionListener]
 2017-09-01 10:25:36 [ main:30 ] - [ INFO ] Using TestExecutionListeners: [org.springframework.test.context.web.ServletTestExecutionListener@419c5f1a, org.springframework.test.context.support.DirtiesContextBeforeModesTestExecutionListener@12b0404f, org.springframework.test.context.support.DependencyInjectionTestExecutionListener@769e7ee8, org.springframework.test.context.support.DirtiesContextTestExecutionListener@5276e6b0, org.springframework.test.context.transaction.TransactionalTestExecutionListener@71b1176b, org.springframework.test.context.jdbc.SqlScriptsTestExecutionListener@6193932a]
 2017-09-01 10:25:37 [ main:265 ] - [ INFO ] Loading XML bean definitions from class path resource [com/sp/config/spring-common.xml]
 2017-09-01 10:25:37 [ main:510 ] - [ INFO ] Loading XML bean definitions from class path resource [com/sp/config/spring-db.xml]
 2017-09-01 10:25:37 [ main:536 ] - [ INFO ] Loading XML bean definitions from class path resource [com/sp/config/spring-mybatis.xml]
 2017-09-01 10:25:37 [ main:562 ] - [ INFO ] Loading XML bean definitions from class path resource [com/sp/config/spring-dao.xml]
 2017-09-01 10:25:37 [ main:580 ] - [ INFO ] Loading XML bean definitions from class path resource [com/sp/config/spring-tx.xml]
 2017-09-01 10:25:37 [ main:622 ] - [ INFO ] Refreshing org.springframework.context.support.GenericApplicationContext@41fbdac4: startup date [Fri Sep 01 10:25:37 CST 2017]; root of context hierarchy
 2017-09-01 10:25:37 [ main:807 ] - [ WARN ] No MyBatis mapper was found in '[com.sp.net.dao.impl]' package. Please check your configuration.
 2017-09-01 10:25:38 [ main:2083 ] - [ INFO ] {dataSource-1} inited
 2017-09-01 10:25:39 [ main:2110 ] - [ DEBUG ] ==>  Preparing: SELECT M_ID, M_NAME, M_EXIST_COUNT, M_MIN_COUNT, M_CATEGORY, M_DIAMETER, M_LENGTH, M_WEIGHT, STATE FROM tb_material WHERE M_ID = ? 
 2017-09-01 10:25:39 [ main:2132 ] - [ DEBUG ] ==> Parameters: f3cad0698d6311e7b5cec85b76aeb963(String)
 2017-09-01 10:25:39 [ main:2199 ] - [ DEBUG ] <==      Total: 1
 2017-09-01 10:25:41 [ Thread-0:4856 ] - [ INFO ] Closing org.springframework.context.support.GenericApplicationContext@41fbdac4: startup date [Fri Sep 01 10:25:37 CST 2017]; root of context hierarchy
 2017-09-01 10:25:41 [ Thread-0:4876 ] - [ INFO ] {dataSource-1} closed
 2017-09-01 10:28:04 [ main:0 ] - [ INFO ] Loaded default TestExecutionListener class names from location [META-INF/spring.factories]: [org.springframework.test.context.web.ServletTestExecutionListener, org.springframework.test.context.support.DirtiesContextBeforeModesTestExecutionListener, org.springframework.test.context.support.DependencyInjectionTestExecutionListener, org.springframework.test.context.support.DirtiesContextTestExecutionListener, org.springframework.test.context.transaction.TransactionalTestExecutionListener, org.springframework.test.context.jdbc.SqlScriptsTestExecutionListener]
 2017-09-01 10:28:04 [ main:20 ] - [ INFO ] Using TestExecutionListeners: [org.springframework.test.context.web.ServletTestExecutionListener@12b0404f, org.springframework.test.context.support.DirtiesContextBeforeModesTestExecutionListener@769e7ee8, org.springframework.test.context.support.DependencyInjectionTestExecutionListener@5276e6b0, org.springframework.test.context.support.DirtiesContextTestExecutionListener@71b1176b, org.springframework.test.context.transaction.TransactionalTestExecutionListener@6193932a, org.springframework.test.context.jdbc.SqlScriptsTestExecutionListener@647fd8ce]
 2017-09-01 10:28:04 [ main:142 ] - [ INFO ] Loading XML bean definitions from class path resource [com/sp/config/spring-common.xml]
 2017-09-01 10:28:05 [ main:379 ] - [ INFO ] Loading XML bean definitions from class path resource [com/sp/config/spring-db.xml]
 2017-09-01 10:28:05 [ main:402 ] - [ INFO ] Loading XML bean definitions from class path resource [com/sp/config/spring-mybatis.xml]
 2017-09-01 10:28:05 [ main:425 ] - [ INFO ] Loading XML bean definitions from class path resource [com/sp/config/spring-dao.xml]
 2017-09-01 10:28:05 [ main:444 ] - [ INFO ] Loading XML bean definitions from class path resource [com/sp/config/spring-tx.xml]
 2017-09-01 10:28:05 [ main:484 ] - [ INFO ] Refreshing org.springframework.context.support.GenericApplicationContext@3c407114: startup date [Fri Sep 01 10:28:05 CST 2017]; root of context hierarchy
 2017-09-01 10:28:05 [ main:659 ] - [ WARN ] No MyBatis mapper was found in '[com.sp.net.dao.impl]' package. Please check your configuration.
 2017-09-01 10:28:06 [ Thread-0:1505 ] - [ INFO ] Closing org.springframework.context.support.GenericApplicationContext@3c407114: startup date [Fri Sep 01 10:28:05 CST 2017]; root of context hierarchy
 2017-09-01 10:29:20 [ main:0 ] - [ INFO ] Loaded default TestExecutionListener class names from location [META-INF/spring.factories]: [org.springframework.test.context.web.ServletTestExecutionListener, org.springframework.test.context.support.DirtiesContextBeforeModesTestExecutionListener, org.springframework.test.context.support.DependencyInjectionTestExecutionListener, org.springframework.test.context.support.DirtiesContextTestExecutionListener, org.springframework.test.context.transaction.TransactionalTestExecutionListener, org.springframework.test.context.jdbc.SqlScriptsTestExecutionListener]
 2017-09-01 10:29:20 [ main:33 ] - [ INFO ] Using TestExecutionListeners: [org.springframework.test.context.web.ServletTestExecutionListener@12b0404f, org.springframework.test.context.support.DirtiesContextBeforeModesTestExecutionListener@769e7ee8, org.springframework.test.context.support.DependencyInjectionTestExecutionListener@5276e6b0, org.springframework.test.context.support.DirtiesContextTestExecutionListener@71b1176b, org.springframework.test.context.transaction.TransactionalTestExecutionListener@6193932a, org.springframework.test.context.jdbc.SqlScriptsTestExecutionListener@647fd8ce]
 2017-09-01 10:29:20 [ main:316 ] - [ INFO ] Loading XML bean definitions from class path resource [com/sp/config/spring-common.xml]
 2017-09-01 10:29:20 [ main:665 ] - [ INFO ] Loading XML bean definitions from class path resource [com/sp/config/spring-db.xml]
 2017-09-01 10:29:20 [ main:698 ] - [ INFO ] Loading XML bean definitions from class path resource [com/sp/config/spring-mybatis.xml]
 2017-09-01 10:29:20 [ main:725 ] - [ INFO ] Loading XML bean definitions from class path resource [com/sp/config/spring-dao.xml]
 2017-09-01 10:29:20 [ main:760 ] - [ INFO ] Loading XML bean definitions from class path resource [com/sp/config/spring-tx.xml]
 2017-09-01 10:29:21 [ main:834 ] - [ INFO ] Refreshing org.springframework.context.support.GenericApplicationContext@3c407114: startup date [Fri Sep 01 10:29:21 CST 2017]; root of context hierarchy
 2017-09-01 10:29:21 [ main:1083 ] - [ WARN ] No MyBatis mapper was found in '[com.sp.net.dao.impl]' package. Please check your configuration.
 2017-09-01 10:29:23 [ main:2793 ] - [ INFO ] {dataSource-1} inited
 2017-09-01 10:29:23 [ main:2803 ] - [ DEBUG ] ==>  Preparing: select replace(uuid(),'-','') from dual 
 2017-09-01 10:29:23 [ main:2835 ] - [ DEBUG ] ==> Parameters: 
 2017-09-01 10:29:23 [ main:3014 ] - [ DEBUG ] <==      Total: 1
 2017-09-01 10:29:23 [ main:3016 ] - [ DEBUG ] ==>  Preparing: INSERT INTO tb_warehouse_record ( W_ID, M_ID , PURCHASE_COUNT , MATERIAL_CATEGORY , PURCHASE_STATE , CREATETIME , STATE ) VALUES ( ?, ?, ?, ?, ?, ?, ? ) 
 2017-09-01 10:29:23 [ main:3033 ] - [ DEBUG ] ==> Parameters: d87710a48ebd11e7b5cec85b76aeb963(String), f3cad0698d6311e7b5cec85b76aeb963(String), 888(Integer), 1(Integer), 0(String), 2017-09-01 10:29:22.45(Timestamp), 1(String)
 2017-09-01 10:29:23 [ main:3073 ] - [ DEBUG ] <==    Updates: 1
 2017-09-01 10:29:23 [ Thread-0:3132 ] - [ INFO ] Closing org.springframework.context.support.GenericApplicationContext@3c407114: startup date [Fri Sep 01 10:29:21 CST 2017]; root of context hierarchy
 2017-09-01 10:29:23 [ Thread-0:3180 ] - [ INFO ] {dataSource-1} closed
 2017-09-01 10:34:59 [ main:0 ] - [ INFO ] Loaded default TestExecutionListener class names from location [META-INF/spring.factories]: [org.springframework.test.context.web.ServletTestExecutionListener, org.springframework.test.context.support.DirtiesContextBeforeModesTestExecutionListener, org.springframework.test.context.support.DependencyInjectionTestExecutionListener, org.springframework.test.context.support.DirtiesContextTestExecutionListener, org.springframework.test.context.transaction.TransactionalTestExecutionListener, org.springframework.test.context.jdbc.SqlScriptsTestExecutionListener]
 2017-09-01 10:35:00 [ main:44 ] - [ INFO ] Using TestExecutionListeners: [org.springframework.test.context.web.ServletTestExecutionListener@769e7ee8, org.springframework.test.context.support.DirtiesContextBeforeModesTestExecutionListener@5276e6b0, org.springframework.test.context.support.DependencyInjectionTestExecutionListener@71b1176b, org.springframework.test.context.support.DirtiesContextTestExecutionListener@6193932a, org.springframework.test.context.transaction.TransactionalTestExecutionListener@647fd8ce, org.springframework.test.context.jdbc.SqlScriptsTestExecutionListener@159f197]
 2017-09-01 10:35:00 [ main:430 ] - [ INFO ] Loading XML bean definitions from class path resource [com/sp/config/spring-common.xml]
 2017-09-01 10:35:00 [ main:926 ] - [ INFO ] Loading XML bean definitions from class path resource [com/sp/config/spring-db.xml]
 2017-09-01 10:35:00 [ main:951 ] - [ INFO ] Loading XML bean definitions from class path resource [com/sp/config/spring-mybatis.xml]
 2017-09-01 10:35:00 [ main:982 ] - [ INFO ] Loading XML bean definitions from class path resource [com/sp/config/spring-dao.xml]
 2017-09-01 10:35:01 [ main:1028 ] - [ INFO ] Loading XML bean definitions from class path resource [com/sp/config/spring-tx.xml]
 2017-09-01 10:35:01 [ main:1100 ] - [ INFO ] Refreshing org.springframework.context.support.GenericApplicationContext@35ef1869: startup date [Fri Sep 01 10:35:01 CST 2017]; root of context hierarchy
 2017-09-01 10:35:01 [ main:1528 ] - [ WARN ] No MyBatis mapper was found in '[com.sp.net.dao.impl]' package. Please check your configuration.
 2017-09-01 10:35:03 [ main:3477 ] - [ INFO ] {dataSource-1} inited
 2017-09-01 10:35:03 [ main:3560 ] - [ DEBUG ] ==>  Preparing: SELECT M_ID, M_NAME, M_EXIST_COUNT, M_MIN_COUNT, M_CATEGORY, M_DIAMETER, M_LENGTH, M_WEIGHT, STATE FROM tb_material WHERE M_ID = ? 
 2017-09-01 10:35:03 [ main:3674 ] - [ DEBUG ] ==> Parameters: f3cad0698d6311e7b5cec85b76aeb963(String)
 2017-09-01 10:35:03 [ main:3902 ] - [ DEBUG ] <==      Total: 1
 2017-09-01 10:35:03 [ main:3907 ] - [ DEBUG ] ==>  Preparing: select replace(uuid(),'-','') from dual 
 2017-09-01 10:35:03 [ main:3908 ] - [ DEBUG ] ==> Parameters: 
 2017-09-01 10:35:03 [ main:3914 ] - [ DEBUG ] <==      Total: 1
 2017-09-01 10:35:03 [ main:3915 ] - [ DEBUG ] ==>  Preparing: INSERT INTO tb_warehouse_record ( W_ID, M_ID , PURCHASE_COUNT , MATERIAL_CATEGORY , PURCHASE_STATE , CREATETIME , STATE ) VALUES ( ?, ?, ?, ?, ?, ?, ? ) 
 2017-09-01 10:35:03 [ main:3922 ] - [ DEBUG ] ==> Parameters: a39f5ff88ebe11e7b5cec85b76aeb963(String), f3cad0698d6311e7b5cec85b76aeb963(String), 888(Integer), 1(Integer), 0(String), 2017-09-01 10:35:03.903(Timestamp), 1(String)
 2017-09-01 10:35:03 [ main:3981 ] - [ DEBUG ] <==    Updates: 1
 2017-09-01 10:35:03 [ Thread-0:3990 ] - [ INFO ] Closing org.springframework.context.support.GenericApplicationContext@35ef1869: startup date [Fri Sep 01 10:35:01 CST 2017]; root of context hierarchy
 2017-09-01 10:35:04 [ Thread-0:4033 ] - [ INFO ] {dataSource-1} closed
 2017-09-01 10:38:34 [ main:0 ] - [ INFO ] Loaded default TestExecutionListener class names from location [META-INF/spring.factories]: [org.springframework.test.context.web.ServletTestExecutionListener, org.springframework.test.context.support.DirtiesContextBeforeModesTestExecutionListener, org.springframework.test.context.support.DependencyInjectionTestExecutionListener, org.springframework.test.context.support.DirtiesContextTestExecutionListener, org.springframework.test.context.transaction.TransactionalTestExecutionListener, org.springframework.test.context.jdbc.SqlScriptsTestExecutionListener]
 2017-09-01 10:38:34 [ main:40 ] - [ INFO ] Using TestExecutionListeners: [org.springframework.test.context.web.ServletTestExecutionListener@769e7ee8, org.springframework.test.context.support.DirtiesContextBeforeModesTestExecutionListener@5276e6b0, org.springframework.test.context.support.DependencyInjectionTestExecutionListener@71b1176b, org.springframework.test.context.support.DirtiesContextTestExecutionListener@6193932a, org.springframework.test.context.transaction.TransactionalTestExecutionListener@647fd8ce, org.springframework.test.context.jdbc.SqlScriptsTestExecutionListener@159f197]
 2017-09-01 10:38:34 [ main:215 ] - [ INFO ] Loading XML bean definitions from class path resource [com/sp/config/spring-common.xml]
 2017-09-01 10:38:35 [ main:474 ] - [ INFO ] Loading XML bean definitions from class path resource [com/sp/config/spring-db.xml]
 2017-09-01 10:38:35 [ main:502 ] - [ INFO ] Loading XML bean definitions from class path resource [com/sp/config/spring-mybatis.xml]
 2017-09-01 10:38:35 [ main:541 ] - [ INFO ] Loading XML bean definitions from class path resource [com/sp/config/spring-dao.xml]
 2017-09-01 10:38:35 [ main:564 ] - [ INFO ] Loading XML bean definitions from class path resource [com/sp/config/spring-tx.xml]
 2017-09-01 10:38:35 [ main:638 ] - [ INFO ] Refreshing org.springframework.context.support.GenericApplicationContext@35ef1869: startup date [Fri Sep 01 10:38:35 CST 2017]; root of context hierarchy
 2017-09-01 10:38:35 [ main:995 ] - [ WARN ] No MyBatis mapper was found in '[com.sp.net.dao.impl]' package. Please check your configuration.
 2017-09-01 10:38:37 [ main:2749 ] - [ INFO ] {dataSource-1} inited
 2017-09-01 10:38:37 [ main:2788 ] - [ DEBUG ] ==>  Preparing: SELECT M_ID, M_NAME, M_EXIST_COUNT, M_MIN_COUNT, M_CATEGORY, M_DIAMETER, M_LENGTH, M_WEIGHT, STATE FROM tb_material WHERE M_ID = ? 
 2017-09-01 10:38:37 [ main:2811 ] - [ DEBUG ] ==> Parameters: f3cad0698d6311e7b5cec85b76aeb963(String)
 2017-09-01 10:38:37 [ main:2904 ] - [ DEBUG ] <==      Total: 1
 2017-09-01 10:38:40 [ Thread-0:5714 ] - [ INFO ] Closing org.springframework.context.support.GenericApplicationContext@35ef1869: startup date [Fri Sep 01 10:38:35 CST 2017]; root of context hierarchy
 2017-09-01 10:38:40 [ Thread-0:5734 ] - [ INFO ] {dataSource-1} closed
 2017-09-01 10:39:51 [ main:0 ] - [ INFO ] Loaded default TestExecutionListener class names from location [META-INF/spring.factories]: [org.springframework.test.context.web.ServletTestExecutionListener, org.springframework.test.context.support.DirtiesContextBeforeModesTestExecutionListener, org.springframework.test.context.support.DependencyInjectionTestExecutionListener, org.springframework.test.context.support.DirtiesContextTestExecutionListener, org.springframework.test.context.transaction.TransactionalTestExecutionListener, org.springframework.test.context.jdbc.SqlScriptsTestExecutionListener]
 2017-09-01 10:39:51 [ main:46 ] - [ INFO ] Using TestExecutionListeners: [org.springframework.test.context.web.ServletTestExecutionListener@769e7ee8, org.springframework.test.context.support.DirtiesContextBeforeModesTestExecutionListener@5276e6b0, org.springframework.test.context.support.DependencyInjectionTestExecutionListener@71b1176b, org.springframework.test.context.support.DirtiesContextTestExecutionListener@6193932a, org.springframework.test.context.transaction.TransactionalTestExecutionListener@647fd8ce, org.springframework.test.context.jdbc.SqlScriptsTestExecutionListener@159f197]
 2017-09-01 10:39:51 [ main:267 ] - [ INFO ] Loading XML bean definitions from class path resource [com/sp/config/spring-common.xml]
 2017-09-01 10:39:51 [ main:627 ] - [ INFO ] Loading XML bean definitions from class path resource [com/sp/config/spring-db.xml]
 2017-09-01 10:39:52 [ main:694 ] - [ INFO ] Loading XML bean definitions from class path resource [com/sp/config/spring-mybatis.xml]
 2017-09-01 10:39:52 [ main:751 ] - [ INFO ] Loading XML bean definitions from class path resource [com/sp/config/spring-dao.xml]
 2017-09-01 10:39:52 [ main:790 ] - [ INFO ] Loading XML bean definitions from class path resource [com/sp/config/spring-tx.xml]
 2017-09-01 10:39:52 [ main:910 ] - [ INFO ] Refreshing org.springframework.context.support.GenericApplicationContext@35ef1869: startup date [Fri Sep 01 10:39:52 CST 2017]; root of context hierarchy
 2017-09-01 10:39:52 [ main:1247 ] - [ WARN ] No MyBatis mapper was found in '[com.sp.net.dao.impl]' package. Please check your configuration.
 2017-09-01 10:39:54 [ main:3195 ] - [ INFO ] {dataSource-1} inited
 2017-09-01 10:39:54 [ main:3236 ] - [ DEBUG ] ==>  Preparing: SELECT M_ID, M_NAME, M_EXIST_COUNT, M_MIN_COUNT, M_CATEGORY, M_DIAMETER, M_LENGTH, M_WEIGHT, STATE FROM tb_material WHERE M_ID = ? 
 2017-09-01 10:39:54 [ main:3261 ] - [ DEBUG ] ==> Parameters: f3cad0698d6311e7b5cec85b76aeb963(String)
 2017-09-01 10:39:54 [ main:3393 ] - [ DEBUG ] <==      Total: 1
 2017-09-01 10:39:57 [ Thread-0:6129 ] - [ INFO ] Closing org.springframework.context.support.GenericApplicationContext@35ef1869: startup date [Fri Sep 01 10:39:52 CST 2017]; root of context hierarchy
 2017-09-01 10:39:57 [ Thread-0:6167 ] - [ INFO ] {dataSource-1} closed
 2017-09-01 10:58:54 [ main:0 ] - [ INFO ] Loaded default TestExecutionListener class names from location [META-INF/spring.factories]: [org.springframework.test.context.web.ServletTestExecutionListener, org.springframework.test.context.support.DirtiesContextBeforeModesTestExecutionListener, org.springframework.test.context.support.DependencyInjectionTestExecutionListener, org.springframework.test.context.support.DirtiesContextTestExecutionListener, org.springframework.test.context.transaction.TransactionalTestExecutionListener, org.springframework.test.context.jdbc.SqlScriptsTestExecutionListener]
 2017-09-01 10:58:54 [ main:32 ] - [ INFO ] Using TestExecutionListeners: [org.springframework.test.context.web.ServletTestExecutionListener@769e7ee8, org.springframework.test.context.support.DirtiesContextBeforeModesTestExecutionListener@5276e6b0, org.springframework.test.context.support.DependencyInjectionTestExecutionListener@71b1176b, org.springframework.test.context.support.DirtiesContextTestExecutionListener@6193932a, org.springframework.test.context.transaction.TransactionalTestExecutionListener@647fd8ce, org.springframework.test.context.jdbc.SqlScriptsTestExecutionListener@159f197]
 2017-09-01 10:58:55 [ main:249 ] - [ INFO ] Loading XML bean definitions from class path resource [com/sp/config/spring-common.xml]
 2017-09-01 10:58:55 [ main:614 ] - [ INFO ] Loading XML bean definitions from class path resource [com/sp/config/spring-db.xml]
 2017-09-01 10:58:55 [ main:651 ] - [ INFO ] Loading XML bean definitions from class path resource [com/sp/config/spring-mybatis.xml]
 2017-09-01 10:58:55 [ main:698 ] - [ INFO ] Loading XML bean definitions from class path resource [com/sp/config/spring-dao.xml]
 2017-09-01 10:58:55 [ main:723 ] - [ INFO ] Loading XML bean definitions from class path resource [com/sp/config/spring-tx.xml]
 2017-09-01 10:58:55 [ main:799 ] - [ INFO ] Refreshing org.springframework.context.support.GenericApplicationContext@35ef1869: startup date [Fri Sep 01 10:58:55 CST 2017]; root of context hierarchy
 2017-09-01 10:58:55 [ main:1061 ] - [ WARN ] No MyBatis mapper was found in '[com.sp.net.dao.impl]' package. Please check your configuration.
 2017-09-01 10:58:57 [ main:2919 ] - [ INFO ] {dataSource-1} inited
 2017-09-01 10:58:57 [ main:2949 ] - [ DEBUG ] ==>  Preparing: SELECT M_ID, M_NAME, M_EXIST_COUNT, M_MIN_COUNT, M_CATEGORY, M_DIAMETER, M_LENGTH, M_WEIGHT, STATE FROM tb_material WHERE M_ID = ? 
 2017-09-01 10:58:57 [ main:2973 ] - [ DEBUG ] ==> Parameters: f3cad0698d6311e7b5cec85b76aeb963(String)
 2017-09-01 10:58:57 [ main:3069 ] - [ DEBUG ] <==      Total: 1
 2017-09-01 10:58:57 [ main:3070 ] - [ DEBUG ] ==>  Preparing: select replace(uuid(),'-','') from dual 
 2017-09-01 10:58:57 [ main:3071 ] - [ DEBUG ] ==> Parameters: 
 2017-09-01 10:58:57 [ main:3081 ] - [ DEBUG ] <==      Total: 1
 2017-09-01 10:58:57 [ main:3082 ] - [ DEBUG ] ==>  Preparing: INSERT INTO tb_warehouse_record ( W_ID, M_ID , PURCHASE_COUNT , MATERIAL_CATEGORY , PURCHASE_STATE , CREATETIME , STATE ) VALUES ( ?, ?, ?, ?, ?, ?, ? ) 
 2017-09-01 10:58:58 [ main:3096 ] - [ DEBUG ] ==> Parameters: fa659bea8ec111e7b5cec85b76aeb963(String), f3cad0698d6311e7b5cec85b76aeb963(String), 888(Integer), 1(Integer), 0(String), 2017-09-01 10:58:57.977(Timestamp), 1(String)
 2017-09-01 10:58:58 [ main:3098 ] - [ DEBUG ] <==    Updates: 1
 2017-09-01 10:58:58 [ Thread-0:3235 ] - [ INFO ] Closing org.springframework.context.support.GenericApplicationContext@35ef1869: startup date [Fri Sep 01 10:58:55 CST 2017]; root of context hierarchy
 2017-09-01 10:58:58 [ Thread-0:3271 ] - [ INFO ] {dataSource-1} closed
 2017-09-01 11:00:49 [ main:0 ] - [ INFO ] Loaded default TestExecutionListener class names from location [META-INF/spring.factories]: [org.springframework.test.context.web.ServletTestExecutionListener, org.springframework.test.context.support.DirtiesContextBeforeModesTestExecutionListener, org.springframework.test.context.support.DependencyInjectionTestExecutionListener, org.springframework.test.context.support.DirtiesContextTestExecutionListener, org.springframework.test.context.transaction.TransactionalTestExecutionListener, org.springframework.test.context.jdbc.SqlScriptsTestExecutionListener]
 2017-09-01 11:00:49 [ main:27 ] - [ INFO ] Using TestExecutionListeners: [org.springframework.test.context.web.ServletTestExecutionListener@769e7ee8, org.springframework.test.context.support.DirtiesContextBeforeModesTestExecutionListener@5276e6b0, org.springframework.test.context.support.DependencyInjectionTestExecutionListener@71b1176b, org.springframework.test.context.support.DirtiesContextTestExecutionListener@6193932a, org.springframework.test.context.transaction.TransactionalTestExecutionListener@647fd8ce, org.springframework.test.context.jdbc.SqlScriptsTestExecutionListener@159f197]
 2017-09-01 11:00:49 [ main:199 ] - [ INFO ] Loading XML bean definitions from class path resource [com/sp/config/spring-common.xml]
 2017-09-01 11:00:49 [ main:466 ] - [ INFO ] Loading XML bean definitions from class path resource [com/sp/config/spring-db.xml]
 2017-09-01 11:00:49 [ main:494 ] - [ INFO ] Loading XML bean definitions from class path resource [com/sp/config/spring-mybatis.xml]
 2017-09-01 11:00:49 [ main:522 ] - [ INFO ] Loading XML bean definitions from class path resource [com/sp/config/spring-dao.xml]
 2017-09-01 11:00:49 [ main:548 ] - [ INFO ] Loading XML bean definitions from class path resource [com/sp/config/spring-tx.xml]
 2017-09-01 11:00:49 [ main:655 ] - [ INFO ] Refreshing org.springframework.context.support.GenericApplicationContext@35ef1869: startup date [Fri Sep 01 11:00:49 CST 2017]; root of context hierarchy
 2017-09-01 11:00:50 [ main:968 ] - [ WARN ] No MyBatis mapper was found in '[com.sp.net.dao.impl]' package. Please check your configuration.
 2017-09-01 11:00:51 [ main:2689 ] - [ INFO ] {dataSource-1} inited
 2017-09-01 11:00:52 [ main:3037 ] - [ DEBUG ] ==>  Preparing: select W_ID, M_ID, PURCHASE_COUNT, MATERIAL_CATEGORY, PURCHASE_STATE, CREATETIME, STATE from tb_warehouse_record WHERE STATE = ? LIMIT ?,? 
 2017-09-01 11:00:52 [ main:3080 ] - [ DEBUG ] ==> Parameters: 1(String), 0(Integer), 10(Integer)
 2017-09-01 11:00:52 [ main:3133 ] - [ DEBUG ] <==      Total: 3
 2017-09-01 11:00:52 [ main:3135 ] - [ DEBUG ] ==>  Preparing: select count(1) from tb_warehouse_record WHERE STATE = ? 
 2017-09-01 11:00:52 [ main:3161 ] - [ DEBUG ] ==> Parameters: 1(String)
 2017-09-01 11:00:52 [ main:3165 ] - [ DEBUG ] <==      Total: 1
 2017-09-01 11:00:52 [ Thread-0:3195 ] - [ INFO ] Closing org.springframework.context.support.GenericApplicationContext@35ef1869: startup date [Fri Sep 01 11:00:49 CST 2017]; root of context hierarchy
 2017-09-01 11:00:52 [ Thread-0:3217 ] - [ INFO ] {dataSource-1} closed
 2017-09-01 11:44:59 [ main:0 ] - [ INFO ] Loaded default TestExecutionListener class names from location [META-INF/spring.factories]: [org.springframework.test.context.web.ServletTestExecutionListener, org.springframework.test.context.support.DirtiesContextBeforeModesTestExecutionListener, org.springframework.test.context.support.DependencyInjectionTestExecutionListener, org.springframework.test.context.support.DirtiesContextTestExecutionListener, org.springframework.test.context.transaction.TransactionalTestExecutionListener, org.springframework.test.context.jdbc.SqlScriptsTestExecutionListener]
 2017-09-01 11:44:59 [ main:18 ] - [ INFO ] Using TestExecutionListeners: [org.springframework.test.context.web.ServletTestExecutionListener@769e7ee8, org.springframework.test.context.support.DirtiesContextBeforeModesTestExecutionListener@5276e6b0, org.springframework.test.context.support.DependencyInjectionTestExecutionListener@71b1176b, org.springframework.test.context.support.DirtiesContextTestExecutionListener@6193932a, org.springframework.test.context.transaction.TransactionalTestExecutionListener@647fd8ce, org.springframework.test.context.jdbc.SqlScriptsTestExecutionListener@159f197]
 2017-09-01 11:44:59 [ main:170 ] - [ INFO ] Loading XML bean definitions from class path resource [com/sp/config/spring-common.xml]
 2017-09-01 11:44:59 [ main:404 ] - [ INFO ] Loading XML bean definitions from class path resource [com/sp/config/spring-db.xml]
 2017-09-01 11:44:59 [ main:426 ] - [ INFO ] Loading XML bean definitions from class path resource [com/sp/config/spring-mybatis.xml]
 2017-09-01 11:44:59 [ main:451 ] - [ INFO ] Loading XML bean definitions from class path resource [com/sp/config/spring-dao.xml]
 2017-09-01 11:44:59 [ main:469 ] - [ INFO ] Loading XML bean definitions from class path resource [com/sp/config/spring-tx.xml]
 2017-09-01 11:44:59 [ main:512 ] - [ INFO ] Refreshing org.springframework.context.support.GenericApplicationContext@35ef1869: startup date [Fri Sep 01 11:44:59 CST 2017]; root of context hierarchy
 2017-09-01 11:45:00 [ main:697 ] - [ WARN ] No MyBatis mapper was found in '[com.sp.net.dao.impl]' package. Please check your configuration.
 2017-09-01 11:45:01 [ main:1939 ] - [ INFO ] {dataSource-1} inited
 2017-09-01 11:45:01 [ main:1968 ] - [ DEBUG ] ==>  Preparing: SELECT M_ID, M_NAME, M_EXIST_COUNT, M_MIN_COUNT, M_CATEGORY, M_DIAMETER, M_LENGTH, M_WEIGHT, STATE FROM tb_material WHERE M_ID = ? 
 2017-09-01 11:45:01 [ main:1989 ] - [ DEBUG ] ==> Parameters: f3cad0698d6311e7b5cec85b76aeb963(String)
 2017-09-01 11:45:01 [ main:2064 ] - [ DEBUG ] <==      Total: 1
 2017-09-01 11:45:01 [ main:2065 ] - [ DEBUG ] ==>  Preparing: select replace(uuid(),'-','') from dual 
 2017-09-01 11:45:01 [ main:2067 ] - [ DEBUG ] ==> Parameters: 
 2017-09-01 11:45:01 [ main:2075 ] - [ DEBUG ] <==      Total: 1
 2017-09-01 11:45:01 [ main:2077 ] - [ DEBUG ] ==>  Preparing: INSERT INTO tb_warehouse_record ( W_ID, M_ID , PURCHASE_COUNT , MATERIAL_CATEGORY , PURCHASE_STATE , CREATETIME , MODIFYTIME , STATE ) VALUES ( ?, ?, ?, ?, ?, ?, ?, ? ) 
 2017-09-01 11:45:01 [ main:2101 ] - [ DEBUG ] ==> Parameters: 69850fd68ec811e7b5cec85b76aeb963(String), f3cad0698d6311e7b5cec85b76aeb963(String), 88888(Integer), 1(Integer), 0(String), 2017-09-01 11:45:01.389(Timestamp), 2017-09-01 11:45:01.389(Timestamp), 1(String)
 2017-09-01 11:45:01 [ main:2103 ] - [ DEBUG ] <==    Updates: 1
 2017-09-01 11:45:01 [ Thread-0:2190 ] - [ INFO ] Closing org.springframework.context.support.GenericApplicationContext@35ef1869: startup date [Fri Sep 01 11:44:59 CST 2017]; root of context hierarchy
 2017-09-01 11:45:01 [ Thread-0:2209 ] - [ INFO ] {dataSource-1} closed
 2017-09-01 14:12:08 [ main:0 ] - [ INFO ] Loaded default TestExecutionListener class names from location [META-INF/spring.factories]: [org.springframework.test.context.web.ServletTestExecutionListener, org.springframework.test.context.support.DirtiesContextBeforeModesTestExecutionListener, org.springframework.test.context.support.DependencyInjectionTestExecutionListener, org.springframework.test.context.support.DirtiesContextTestExecutionListener, org.springframework.test.context.transaction.TransactionalTestExecutionListener, org.springframework.test.context.jdbc.SqlScriptsTestExecutionListener]
 2017-09-01 14:12:08 [ main:47 ] - [ INFO ] Using TestExecutionListeners: [org.springframework.test.context.web.ServletTestExecutionListener@769e7ee8, org.springframework.test.context.support.DirtiesContextBeforeModesTestExecutionListener@5276e6b0, org.springframework.test.context.support.DependencyInjectionTestExecutionListener@71b1176b, org.springframework.test.context.support.DirtiesContextTestExecutionListener@6193932a, org.springframework.test.context.transaction.TransactionalTestExecutionListener@647fd8ce, org.springframework.test.context.jdbc.SqlScriptsTestExecutionListener@159f197]
 2017-09-01 14:12:08 [ main:184 ] - [ INFO ] Loading XML bean definitions from class path resource [com/sp/config/spring-common.xml]
 2017-09-01 14:12:08 [ main:404 ] - [ INFO ] Loading XML bean definitions from class path resource [com/sp/config/spring-db.xml]
 2017-09-01 14:12:08 [ main:427 ] - [ INFO ] Loading XML bean definitions from class path resource [com/sp/config/spring-mybatis.xml]
 2017-09-01 14:12:08 [ main:450 ] - [ INFO ] Loading XML bean definitions from class path resource [com/sp/config/spring-dao.xml]
 2017-09-01 14:12:08 [ main:472 ] - [ INFO ] Loading XML bean definitions from class path resource [com/sp/config/spring-tx.xml]
 2017-09-01 14:12:09 [ main:520 ] - [ INFO ] Refreshing org.springframework.context.support.GenericApplicationContext@35ef1869: startup date [Fri Sep 01 14:12:09 CST 2017]; root of context hierarchy
 2017-09-01 14:12:09 [ main:732 ] - [ WARN ] No MyBatis mapper was found in '[com.sp.net.dao.impl]' package. Please check your configuration.
 2017-09-01 14:12:10 [ main:2187 ] - [ INFO ] {dataSource-1} inited
 2017-09-01 14:12:10 [ main:2213 ] - [ DEBUG ] ==>  Preparing: UPDATE tb_warehouse_record SET M_ID = ?, PURCHASE_COUNT = ?, MATERIAL_CATEGORY = ?, PURCHASE_STATE = ?, CREATETIME = ?, MODIFYTIME = ?, STATE = ? WHERE W_ID = ? 
 2017-09-01 14:12:10 [ main:2241 ] - [ DEBUG ] ==> Parameters: null, null, null, 0(String), null, 2017-09-01 14:12:10.704(Timestamp), null, fa659bea8ec111e7b5cec85b76aeb963(String)
 2017-09-01 14:12:10 [ main:2254 ] - [ INFO ] Loading XML bean definitions from class path resource [org/springframework/jdbc/support/sql-error-codes.xml]
 2017-09-01 14:12:10 [ main:2454 ] - [ INFO ] SQLErrorCodes loaded: [DB2, Derby, H2, HSQL, Informix, MS-SQL, MySQL, Oracle, PostgreSQL, Sybase, Hana]
 2017-09-01 14:12:11 [ Thread-0:2534 ] - [ INFO ] Closing org.springframework.context.support.GenericApplicationContext@35ef1869: startup date [Fri Sep 01 14:12:09 CST 2017]; root of context hierarchy
 2017-09-01 14:12:11 [ Thread-0:2550 ] - [ INFO ] {dataSource-1} closed
 2017-09-01 14:15:59 [ main:0 ] - [ INFO ] Loaded default TestExecutionListener class names from location [META-INF/spring.factories]: [org.springframework.test.context.web.ServletTestExecutionListener, org.springframework.test.context.support.DirtiesContextBeforeModesTestExecutionListener, org.springframework.test.context.support.DependencyInjectionTestExecutionListener, org.springframework.test.context.support.DirtiesContextTestExecutionListener, org.springframework.test.context.transaction.TransactionalTestExecutionListener, org.springframework.test.context.jdbc.SqlScriptsTestExecutionListener]
 2017-09-01 14:15:59 [ main:18 ] - [ INFO ] Using TestExecutionListeners: [org.springframework.test.context.web.ServletTestExecutionListener@769e7ee8, org.springframework.test.context.support.DirtiesContextBeforeModesTestExecutionListener@5276e6b0, org.springframework.test.context.support.DependencyInjectionTestExecutionListener@71b1176b, org.springframework.test.context.support.DirtiesContextTestExecutionListener@6193932a, org.springframework.test.context.transaction.TransactionalTestExecutionListener@647fd8ce, org.springframework.test.context.jdbc.SqlScriptsTestExecutionListener@159f197]
 2017-09-01 14:15:59 [ main:182 ] - [ INFO ] Loading XML bean definitions from class path resource [com/sp/config/spring-common.xml]
 2017-09-01 14:15:59 [ main:420 ] - [ INFO ] Loading XML bean definitions from class path resource [com/sp/config/spring-db.xml]
 2017-09-01 14:15:59 [ main:446 ] - [ INFO ] Loading XML bean definitions from class path resource [com/sp/config/spring-mybatis.xml]
 2017-09-01 14:15:59 [ main:468 ] - [ INFO ] Loading XML bean definitions from class path resource [com/sp/config/spring-dao.xml]
 2017-09-01 14:15:59 [ main:495 ] - [ INFO ] Loading XML bean definitions from class path resource [com/sp/config/spring-tx.xml]
 2017-09-01 14:16:00 [ main:547 ] - [ INFO ] Refreshing org.springframework.context.support.GenericApplicationContext@35ef1869: startup date [Fri Sep 01 14:15:59 CST 2017]; root of context hierarchy
 2017-09-01 14:16:00 [ main:767 ] - [ WARN ] No MyBatis mapper was found in '[com.sp.net.dao.impl]' package. Please check your configuration.
 2017-09-01 14:16:01 [ main:2169 ] - [ INFO ] {dataSource-1} inited
 2017-09-01 14:16:01 [ main:2195 ] - [ DEBUG ] ==>  Preparing: select replace(uuid(),'-','') from dual 
 2017-09-01 14:16:01 [ main:2214 ] - [ DEBUG ] ==> Parameters: 
 2017-09-01 14:16:01 [ main:2285 ] - [ DEBUG ] <==      Total: 1
 2017-09-01 14:16:01 [ main:2286 ] - [ DEBUG ] ==>  Preparing: INSERT INTO tb_warehouse_record ( W_ID, M_ID , PURCHASE_COUNT , MATERIAL_CATEGORY , PURCHASE_STATE , CREATETIME , MODIFYTIME , STATE ) VALUES ( ?, ?, ?, ?, ?, ?, ?, ? ) 
 2017-09-01 14:16:01 [ main:2295 ] - [ DEBUG ] ==> Parameters: 81dd7e628edd11e7b5cec85b76aeb963(String), null, null, null, 0(String), null, 2017-09-01 14:16:01.63(Timestamp), null
 2017-09-01 14:16:01 [ main:2316 ] - [ INFO ] Loading XML bean definitions from class path resource [org/springframework/jdbc/support/sql-error-codes.xml]
 2017-09-01 14:16:01 [ main:2448 ] - [ INFO ] SQLErrorCodes loaded: [DB2, Derby, H2, HSQL, Informix, MS-SQL, MySQL, Oracle, PostgreSQL, Sybase, Hana]
 2017-09-01 14:16:01 [ Thread-0:2484 ] - [ INFO ] Closing org.springframework.context.support.GenericApplicationContext@35ef1869: startup date [Fri Sep 01 14:15:59 CST 2017]; root of context hierarchy
 2017-09-01 14:16:01 [ Thread-0:2494 ] - [ INFO ] {dataSource-1} closed
 2017-09-01 14:22:44 [ main:0 ] - [ INFO ] Loaded default TestExecutionListener class names from location [META-INF/spring.factories]: [org.springframework.test.context.web.ServletTestExecutionListener, org.springframework.test.context.support.DirtiesContextBeforeModesTestExecutionListener, org.springframework.test.context.support.DependencyInjectionTestExecutionListener, org.springframework.test.context.support.DirtiesContextTestExecutionListener, org.springframework.test.context.transaction.TransactionalTestExecutionListener, org.springframework.test.context.jdbc.SqlScriptsTestExecutionListener]
 2017-09-01 14:22:44 [ main:55 ] - [ INFO ] Using TestExecutionListeners: [org.springframework.test.context.web.ServletTestExecutionListener@769e7ee8, org.springframework.test.context.support.DirtiesContextBeforeModesTestExecutionListener@5276e6b0, org.springframework.test.context.support.DependencyInjectionTestExecutionListener@71b1176b, org.springframework.test.context.support.DirtiesContextTestExecutionListener@6193932a, org.springframework.test.context.transaction.TransactionalTestExecutionListener@647fd8ce, org.springframework.test.context.jdbc.SqlScriptsTestExecutionListener@159f197]
 2017-09-01 14:22:44 [ main:193 ] - [ INFO ] Loading XML bean definitions from class path resource [com/sp/config/spring-common.xml]
 2017-09-01 14:22:44 [ main:415 ] - [ INFO ] Loading XML bean definitions from class path resource [com/sp/config/spring-db.xml]
 2017-09-01 14:22:45 [ main:437 ] - [ INFO ] Loading XML bean definitions from class path resource [com/sp/config/spring-mybatis.xml]
 2017-09-01 14:22:45 [ main:456 ] - [ INFO ] Loading XML bean definitions from class path resource [com/sp/config/spring-dao.xml]
 2017-09-01 14:22:45 [ main:472 ] - [ INFO ] Loading XML bean definitions from class path resource [com/sp/config/spring-tx.xml]
 2017-09-01 14:22:45 [ main:513 ] - [ INFO ] Refreshing org.springframework.context.support.GenericApplicationContext@35ef1869: startup date [Fri Sep 01 14:22:45 CST 2017]; root of context hierarchy
 2017-09-01 14:22:45 [ main:707 ] - [ WARN ] No MyBatis mapper was found in '[com.sp.net.dao.impl]' package. Please check your configuration.
 2017-09-01 14:22:46 [ main:2062 ] - [ INFO ] {dataSource-1} inited
 2017-09-01 14:22:46 [ main:2085 ] - [ DEBUG ] ==>  Preparing: select replace(uuid(),'-','') from dual 
 2017-09-01 14:22:46 [ main:2104 ] - [ DEBUG ] ==> Parameters: 
 2017-09-01 14:22:46 [ main:2169 ] - [ DEBUG ] <==      Total: 1
 2017-09-01 14:22:46 [ main:2170 ] - [ DEBUG ] ==>  Preparing: INSERT INTO tb_warehouse_record ( W_ID, M_ID , PURCHASE_COUNT , MATERIAL_CATEGORY , PURCHASE_STATE , CREATETIME , MODIFYTIME , STATE ) VALUES ( ?, ?, ?, ?, ?, ?, ?, ? ) 
 2017-09-01 14:22:46 [ main:2178 ] - [ DEBUG ] ==> Parameters: 7345340d8ede11e7b5cec85b76aeb963(String), null, null, null, 0(String), null, 2017-09-01 14:22:46.643(Timestamp), null
 2017-09-01 14:22:46 [ main:2190 ] - [ INFO ] Loading XML bean definitions from class path resource [org/springframework/jdbc/support/sql-error-codes.xml]
 2017-09-01 14:22:46 [ main:2307 ] - [ INFO ] SQLErrorCodes loaded: [DB2, Derby, H2, HSQL, Informix, MS-SQL, MySQL, Oracle, PostgreSQL, Sybase, Hana]
 2017-09-01 14:22:46 [ Thread-0:2329 ] - [ INFO ] Closing org.springframework.context.support.GenericApplicationContext@35ef1869: startup date [Fri Sep 01 14:22:45 CST 2017]; root of context hierarchy
 2017-09-01 14:22:46 [ Thread-0:2344 ] - [ INFO ] {dataSource-1} closed
 2017-09-01 14:25:18 [ main:0 ] - [ INFO ] Loaded default TestExecutionListener class names from location [META-INF/spring.factories]: [org.springframework.test.context.web.ServletTestExecutionListener, org.springframework.test.context.support.DirtiesContextBeforeModesTestExecutionListener, org.springframework.test.context.support.DependencyInjectionTestExecutionListener, org.springframework.test.context.support.DirtiesContextTestExecutionListener, org.springframework.test.context.transaction.TransactionalTestExecutionListener, org.springframework.test.context.jdbc.SqlScriptsTestExecutionListener]
 2017-09-01 14:25:18 [ main:42 ] - [ INFO ] Using TestExecutionListeners: [org.springframework.test.context.web.ServletTestExecutionListener@769e7ee8, org.springframework.test.context.support.DirtiesContextBeforeModesTestExecutionListener@5276e6b0, org.springframework.test.context.support.DependencyInjectionTestExecutionListener@71b1176b, org.springframework.test.context.support.DirtiesContextTestExecutionListener@6193932a, org.springframework.test.context.transaction.TransactionalTestExecutionListener@647fd8ce, org.springframework.test.context.jdbc.SqlScriptsTestExecutionListener@159f197]
 2017-09-01 14:25:18 [ main:253 ] - [ INFO ] Loading XML bean definitions from class path resource [com/sp/config/spring-common.xml]
 2017-09-01 14:25:18 [ main:455 ] - [ INFO ] Loading XML bean definitions from class path resource [com/sp/config/spring-db.xml]
 2017-09-01 14:25:18 [ main:478 ] - [ INFO ] Loading XML bean definitions from class path resource [com/sp/config/spring-mybatis.xml]
 2017-09-01 14:25:18 [ main:500 ] - [ INFO ] Loading XML bean definitions from class path resource [com/sp/config/spring-dao.xml]
 2017-09-01 14:25:18 [ main:537 ] - [ INFO ] Loading XML bean definitions from class path resource [com/sp/config/spring-tx.xml]
 2017-09-01 14:25:18 [ main:583 ] - [ INFO ] Refreshing org.springframework.context.support.GenericApplicationContext@35ef1869: startup date [Fri Sep 01 14:25:18 CST 2017]; root of context hierarchy
 2017-09-01 14:25:18 [ main:753 ] - [ WARN ] No MyBatis mapper was found in '[com.sp.net.dao.impl]' package. Please check your configuration.
 2017-09-01 14:25:20 [ main:2041 ] - [ INFO ] {dataSource-1} inited
 2017-09-01 14:25:20 [ main:2089 ] - [ DEBUG ] ==>  Preparing: UPDATE tb_warehouse_record SET PURCHASE_STATE =?, MODIFYTIME = ? WHERE W_ID = ? 
 2017-09-01 14:25:20 [ main:2168 ] - [ DEBUG ] ==> Parameters: 0(String), 2017-09-01 14:25:20.123(Timestamp), fa659bea8ec111e7b5cec85b76aeb963(String)
 2017-09-01 14:25:20 [ main:2169 ] - [ DEBUG ] <==    Updates: 1
 2017-09-01 14:25:20 [ Thread-0:2233 ] - [ INFO ] Closing org.springframework.context.support.GenericApplicationContext@35ef1869: startup date [Fri Sep 01 14:25:18 CST 2017]; root of context hierarchy
 2017-09-01 14:25:20 [ Thread-0:2250 ] - [ INFO ] {dataSource-1} closed
 2017-09-01 14:28:28 [ main:0 ] - [ INFO ] Loaded default TestExecutionListener class names from location [META-INF/spring.factories]: [org.springframework.test.context.web.ServletTestExecutionListener, org.springframework.test.context.support.DirtiesContextBeforeModesTestExecutionListener, org.springframework.test.context.support.DependencyInjectionTestExecutionListener, org.springframework.test.context.support.DirtiesContextTestExecutionListener, org.springframework.test.context.transaction.TransactionalTestExecutionListener, org.springframework.test.context.jdbc.SqlScriptsTestExecutionListener]
 2017-09-01 14:28:28 [ main:20 ] - [ INFO ] Using TestExecutionListeners: [org.springframework.test.context.web.ServletTestExecutionListener@769e7ee8, org.springframework.test.context.support.DirtiesContextBeforeModesTestExecutionListener@5276e6b0, org.springframework.test.context.support.DependencyInjectionTestExecutionListener@71b1176b, org.springframework.test.context.support.DirtiesContextTestExecutionListener@6193932a, org.springframework.test.context.transaction.TransactionalTestExecutionListener@647fd8ce, org.springframework.test.context.jdbc.SqlScriptsTestExecutionListener@159f197]
 2017-09-01 14:28:28 [ main:151 ] - [ INFO ] Loading XML bean definitions from class path resource [com/sp/config/spring-common.xml]
 2017-09-01 14:28:29 [ main:383 ] - [ INFO ] Loading XML bean definitions from class path resource [com/sp/config/spring-db.xml]
 2017-09-01 14:28:29 [ main:404 ] - [ INFO ] Loading XML bean definitions from class path resource [com/sp/config/spring-mybatis.xml]
 2017-09-01 14:28:29 [ main:428 ] - [ INFO ] Loading XML bean definitions from class path resource [com/sp/config/spring-dao.xml]
 2017-09-01 14:28:29 [ main:459 ] - [ INFO ] Loading XML bean definitions from class path resource [com/sp/config/spring-tx.xml]
 2017-09-01 14:28:29 [ main:506 ] - [ INFO ] Refreshing org.springframework.context.support.GenericApplicationContext@35ef1869: startup date [Fri Sep 01 14:28:29 CST 2017]; root of context hierarchy
 2017-09-01 14:28:29 [ main:683 ] - [ WARN ] No MyBatis mapper was found in '[com.sp.net.dao.impl]' package. Please check your configuration.
 2017-09-01 14:28:30 [ main:1890 ] - [ INFO ] {dataSource-1} inited
 2017-09-01 14:28:30 [ main:2009 ] - [ DEBUG ] ==>  Preparing: select W_ID, M_ID, PURCHASE_COUNT, MATERIAL_CATEGORY, PURCHASE_STATE, CREATETIME, MODIFYTIME, STATE from tb_warehouse_record WHERE STATE = ? LIMIT ?,? 
 2017-09-01 14:28:30 [ main:2040 ] - [ DEBUG ] ==> Parameters: 1(String), 0(Integer), 10(Integer)
 2017-09-01 14:28:30 [ main:2087 ] - [ INFO ] Loading XML bean definitions from class path resource [org/springframework/jdbc/support/sql-error-codes.xml]
 2017-09-01 14:28:30 [ main:2207 ] - [ INFO ] SQLErrorCodes loaded: [DB2, Derby, H2, HSQL, Informix, MS-SQL, MySQL, Oracle, PostgreSQL, Sybase, Hana]
 2017-09-01 14:28:30 [ Thread-0:2230 ] - [ INFO ] Closing org.springframework.context.support.GenericApplicationContext@35ef1869: startup date [Fri Sep 01 14:28:29 CST 2017]; root of context hierarchy
 2017-09-01 14:28:30 [ Thread-0:2243 ] - [ INFO ] {dataSource-1} closed
 2017-09-01 14:29:14 [ main:0 ] - [ INFO ] Loaded default TestExecutionListener class names from location [META-INF/spring.factories]: [org.springframework.test.context.web.ServletTestExecutionListener, org.springframework.test.context.support.DirtiesContextBeforeModesTestExecutionListener, org.springframework.test.context.support.DependencyInjectionTestExecutionListener, org.springframework.test.context.support.DirtiesContextTestExecutionListener, org.springframework.test.context.transaction.TransactionalTestExecutionListener, org.springframework.test.context.jdbc.SqlScriptsTestExecutionListener]
 2017-09-01 14:29:15 [ main:20 ] - [ INFO ] Using TestExecutionListeners: [org.springframework.test.context.web.ServletTestExecutionListener@769e7ee8, org.springframework.test.context.support.DirtiesContextBeforeModesTestExecutionListener@5276e6b0, org.springframework.test.context.support.DependencyInjectionTestExecutionListener@71b1176b, org.springframework.test.context.support.DirtiesContextTestExecutionListener@6193932a, org.springframework.test.context.transaction.TransactionalTestExecutionListener@647fd8ce, org.springframework.test.context.jdbc.SqlScriptsTestExecutionListener@159f197]
 2017-09-01 14:29:15 [ main:143 ] - [ INFO ] Loading XML bean definitions from class path resource [com/sp/config/spring-common.xml]
 2017-09-01 14:29:15 [ main:384 ] - [ INFO ] Loading XML bean definitions from class path resource [com/sp/config/spring-db.xml]
 2017-09-01 14:29:15 [ main:406 ] - [ INFO ] Loading XML bean definitions from class path resource [com/sp/config/spring-mybatis.xml]
 2017-09-01 14:29:15 [ main:428 ] - [ INFO ] Loading XML bean definitions from class path resource [com/sp/config/spring-dao.xml]
 2017-09-01 14:29:15 [ main:447 ] - [ INFO ] Loading XML bean definitions from class path resource [com/sp/config/spring-tx.xml]
 2017-09-01 14:29:15 [ main:490 ] - [ INFO ] Refreshing org.springframework.context.support.GenericApplicationContext@35ef1869: startup date [Fri Sep 01 14:29:15 CST 2017]; root of context hierarchy
 2017-09-01 14:29:15 [ main:683 ] - [ WARN ] No MyBatis mapper was found in '[com.sp.net.dao.impl]' package. Please check your configuration.
 2017-09-01 14:29:16 [ main:1940 ] - [ INFO ] {dataSource-1} inited
 2017-09-01 14:29:17 [ main:2040 ] - [ DEBUG ] ==>  Preparing: select W_ID, M_ID, PURCHASE_COUNT, MATERIAL_CATEGORY, PURCHASE_STATE, CREATETIME, MODIFYTIME, STATE from tb_warehouse_record WHERE STATE = ? LIMIT ?,? 
 2017-09-01 14:29:17 [ main:2057 ] - [ DEBUG ] ==> Parameters: 1(String), 0(Integer), 10(Integer)
 2017-09-01 14:29:17 [ main:2083 ] - [ DEBUG ] <==      Total: 4
 2017-09-01 14:29:17 [ main:2084 ] - [ DEBUG ] ==>  Preparing: select count(1) from tb_warehouse_record WHERE STATE = ? 
 2017-09-01 14:29:17 [ main:2084 ] - [ DEBUG ] ==> Parameters: 1(String)
 2017-09-01 14:29:17 [ main:2086 ] - [ DEBUG ] <==      Total: 1
 2017-09-01 14:29:17 [ Thread-0:2091 ] - [ INFO ] Closing org.springframework.context.support.GenericApplicationContext@35ef1869: startup date [Fri Sep 01 14:29:15 CST 2017]; root of context hierarchy
 2017-09-01 14:29:17 [ Thread-0:2101 ] - [ INFO ] {dataSource-1} closed
 2017-09-01 15:24:45 [ main:0 ] - [ INFO ] Loaded default TestExecutionListener class names from location [META-INF/spring.factories]: [org.springframework.test.context.web.ServletTestExecutionListener, org.springframework.test.context.support.DirtiesContextBeforeModesTestExecutionListener, org.springframework.test.context.support.DependencyInjectionTestExecutionListener, org.springframework.test.context.support.DirtiesContextTestExecutionListener, org.springframework.test.context.transaction.TransactionalTestExecutionListener, org.springframework.test.context.jdbc.SqlScriptsTestExecutionListener]
 2017-09-01 15:24:47 [ main:2470 ] - [ INFO ] Using TestExecutionListeners: [org.springframework.test.context.web.ServletTestExecutionListener@769e7ee8, org.springframework.test.context.support.DirtiesContextBeforeModesTestExecutionListener@5276e6b0, org.springframework.test.context.support.DependencyInjectionTestExecutionListener@71b1176b, org.springframework.test.context.support.DirtiesContextTestExecutionListener@6193932a, org.springframework.test.context.transaction.TransactionalTestExecutionListener@647fd8ce, org.springframework.test.context.jdbc.SqlScriptsTestExecutionListener@159f197]
 2017-09-01 15:24:47 [ main:2584 ] - [ INFO ] Loading XML bean definitions from class path resource [com/sp/config/spring-common.xml]
 2017-09-01 15:24:48 [ main:2815 ] - [ INFO ] Loading XML bean definitions from class path resource [com/sp/config/spring-db.xml]
 2017-09-01 15:24:48 [ main:2838 ] - [ INFO ] Loading XML bean definitions from class path resource [com/sp/config/spring-mybatis.xml]
 2017-09-01 15:24:48 [ main:2861 ] - [ INFO ] Loading XML bean definitions from class path resource [com/sp/config/spring-dao.xml]
 2017-09-01 15:24:48 [ main:2881 ] - [ INFO ] Loading XML bean definitions from class path resource [com/sp/config/spring-tx.xml]
 2017-09-01 15:24:48 [ main:2937 ] - [ INFO ] Refreshing org.springframework.context.support.GenericApplicationContext@35ef1869: startup date [Fri Sep 01 15:24:48 CST 2017]; root of context hierarchy
 2017-09-01 15:24:48 [ main:3131 ] - [ WARN ] No MyBatis mapper was found in '[com.sp.net.dao.impl]' package. Please check your configuration.
 2017-09-01 15:24:49 [ main:4481 ] - [ INFO ] {dataSource-1} inited
 2017-09-01 15:24:49 [ main:4622 ] - [ DEBUG ] ==>  Preparing: select W_ID, M_ID, PURCHASE_COUNT, MATERIAL_CATEGORY, PURCHASE_STATE, CREATETIME, MODIFYTIME, STATE from tb_warehouse_record WHERE STATE = ? LIMIT ?,? 
 2017-09-01 15:24:50 [ main:4852 ] - [ DEBUG ] ==> Parameters: 1(String), 0(Integer), 10(Integer)
 2017-09-01 15:24:50 [ main:4902 ] - [ DEBUG ] <==      Total: 4
 2017-09-01 15:24:50 [ main:4903 ] - [ DEBUG ] ==>  Preparing: select count(1) from tb_warehouse_record WHERE STATE = ? 
 2017-09-01 15:24:50 [ main:4904 ] - [ DEBUG ] ==> Parameters: 1(String)
 2017-09-01 15:24:50 [ main:4946 ] - [ DEBUG ] <==      Total: 1
 2017-09-01 15:24:50 [ Thread-0:4996 ] - [ INFO ] Closing org.springframework.context.support.GenericApplicationContext@35ef1869: startup date [Fri Sep 01 15:24:48 CST 2017]; root of context hierarchy
 2017-09-01 15:24:50 [ Thread-0:5012 ] - [ INFO ] {dataSource-1} closed
 2017-09-01 15:25:37 [ main:0 ] - [ INFO ] Loaded default TestExecutionListener class names from location [META-INF/spring.factories]: [org.springframework.test.context.web.ServletTestExecutionListener, org.springframework.test.context.support.DirtiesContextBeforeModesTestExecutionListener, org.springframework.test.context.support.DependencyInjectionTestExecutionListener, org.springframework.test.context.support.DirtiesContextTestExecutionListener, org.springframework.test.context.transaction.TransactionalTestExecutionListener, org.springframework.test.context.jdbc.SqlScriptsTestExecutionListener]
 2017-09-01 15:25:37 [ main:25 ] - [ INFO ] Using TestExecutionListeners: [org.springframework.test.context.web.ServletTestExecutionListener@769e7ee8, org.springframework.test.context.support.DirtiesContextBeforeModesTestExecutionListener@5276e6b0, org.springframework.test.context.support.DependencyInjectionTestExecutionListener@71b1176b, org.springframework.test.context.support.DirtiesContextTestExecutionListener@6193932a, org.springframework.test.context.transaction.TransactionalTestExecutionListener@647fd8ce, org.springframework.test.context.jdbc.SqlScriptsTestExecutionListener@159f197]
 2017-09-01 15:25:37 [ main:245 ] - [ INFO ] Loading XML bean definitions from class path resource [com/sp/config/spring-common.xml]
 2017-09-01 15:25:37 [ main:453 ] - [ INFO ] Loading XML bean definitions from class path resource [com/sp/config/spring-db.xml]
 2017-09-01 15:25:37 [ main:476 ] - [ INFO ] Loading XML bean definitions from class path resource [com/sp/config/spring-mybatis.xml]
 2017-09-01 15:25:37 [ main:498 ] - [ INFO ] Loading XML bean definitions from class path resource [com/sp/config/spring-dao.xml]
 2017-09-01 15:25:37 [ main:523 ] - [ INFO ] Loading XML bean definitions from class path resource [com/sp/config/spring-tx.xml]
 2017-09-01 15:25:37 [ main:569 ] - [ INFO ] Refreshing org.springframework.context.support.GenericApplicationContext@35ef1869: startup date [Fri Sep 01 15:25:37 CST 2017]; root of context hierarchy
 2017-09-01 15:25:37 [ main:772 ] - [ WARN ] No MyBatis mapper was found in '[com.sp.net.dao.impl]' package. Please check your configuration.
 2017-09-01 15:25:39 [ main:2126 ] - [ INFO ] {dataSource-1} inited
 2017-09-01 15:25:39 [ main:2172 ] - [ DEBUG ] ==>  Preparing: UPDATE tb_warehouse_record SET PURCHASE_STATE =?, MODIFYTIME = ? WHERE W_ID = ? 
 2017-09-01 15:25:39 [ main:2257 ] - [ DEBUG ] ==> Parameters: 0(String), 2017-09-01 15:25:39.189(Timestamp), fa659bea8ec111e7b5cec85b76aeb963(String)
 2017-09-01 15:25:39 [ main:2260 ] - [ DEBUG ] <==    Updates: 1
 2017-09-01 15:25:39 [ Thread-0:2855 ] - [ INFO ] Closing org.springframework.context.support.GenericApplicationContext@35ef1869: startup date [Fri Sep 01 15:25:37 CST 2017]; root of context hierarchy
 2017-09-01 15:25:39 [ Thread-0:2884 ] - [ INFO ] {dataSource-1} closed
 2017-09-01 15:25:49 [ main:0 ] - [ INFO ] Loaded default TestExecutionListener class names from location [META-INF/spring.factories]: [org.springframework.test.context.web.ServletTestExecutionListener, org.springframework.test.context.support.DirtiesContextBeforeModesTestExecutionListener, org.springframework.test.context.support.DependencyInjectionTestExecutionListener, org.springframework.test.context.support.DirtiesContextTestExecutionListener, org.springframework.test.context.transaction.TransactionalTestExecutionListener, org.springframework.test.context.jdbc.SqlScriptsTestExecutionListener]
 2017-09-01 15:25:49 [ main:19 ] - [ INFO ] Using TestExecutionListeners: [org.springframework.test.context.web.ServletTestExecutionListener@769e7ee8, org.springframework.test.context.support.DirtiesContextBeforeModesTestExecutionListener@5276e6b0, org.springframework.test.context.support.DependencyInjectionTestExecutionListener@71b1176b, org.springframework.test.context.support.DirtiesContextTestExecutionListener@6193932a, org.springframework.test.context.transaction.TransactionalTestExecutionListener@647fd8ce, org.springframework.test.context.jdbc.SqlScriptsTestExecutionListener@159f197]
 2017-09-01 15:25:49 [ main:173 ] - [ INFO ] Loading XML bean definitions from class path resource [com/sp/config/spring-common.xml]
 2017-09-01 15:25:49 [ main:398 ] - [ INFO ] Loading XML bean definitions from class path resource [com/sp/config/spring-db.xml]
 2017-09-01 15:25:49 [ main:423 ] - [ INFO ] Loading XML bean definitions from class path resource [com/sp/config/spring-mybatis.xml]
 2017-09-01 15:25:49 [ main:444 ] - [ INFO ] Loading XML bean definitions from class path resource [com/sp/config/spring-dao.xml]
 2017-09-01 15:25:49 [ main:471 ] - [ INFO ] Loading XML bean definitions from class path resource [com/sp/config/spring-tx.xml]
 2017-09-01 15:25:49 [ main:521 ] - [ INFO ] Refreshing org.springframework.context.support.GenericApplicationContext@35ef1869: startup date [Fri Sep 01 15:25:49 CST 2017]; root of context hierarchy
 2017-09-01 15:25:49 [ main:732 ] - [ WARN ] No MyBatis mapper was found in '[com.sp.net.dao.impl]' package. Please check your configuration.
 2017-09-01 15:25:51 [ main:2072 ] - [ INFO ] {dataSource-1} inited
 2017-09-01 15:25:51 [ main:2176 ] - [ DEBUG ] ==>  Preparing: select W_ID, M_ID, PURCHASE_COUNT, MATERIAL_CATEGORY, PURCHASE_STATE, CREATETIME, MODIFYTIME, STATE from tb_warehouse_record WHERE STATE = ? LIMIT ?,? 
 2017-09-01 15:25:51 [ main:2215 ] - [ DEBUG ] ==> Parameters: 1(String), 0(Integer), 10(Integer)
 2017-09-01 15:25:51 [ main:2283 ] - [ DEBUG ] <==      Total: 4
 2017-09-01 15:25:51 [ main:2286 ] - [ DEBUG ] ==>  Preparing: select count(1) from tb_warehouse_record WHERE STATE = ? 
 2017-09-01 15:25:51 [ main:2290 ] - [ DEBUG ] ==> Parameters: 1(String)
 2017-09-01 15:25:51 [ main:2300 ] - [ DEBUG ] <==      Total: 1
 2017-09-01 15:25:51 [ Thread-0:2337 ] - [ INFO ] Closing org.springframework.context.support.GenericApplicationContext@35ef1869: startup date [Fri Sep 01 15:25:49 CST 2017]; root of context hierarchy
 2017-09-01 15:25:51 [ Thread-0:2359 ] - [ INFO ] {dataSource-1} closed
 2017-09-01 15:27:08 [ main:0 ] - [ INFO ] Loaded default TestExecutionListener class names from location [META-INF/spring.factories]: [org.springframework.test.context.web.ServletTestExecutionListener, org.springframework.test.context.support.DirtiesContextBeforeModesTestExecutionListener, org.springframework.test.context.support.DependencyInjectionTestExecutionListener, org.springframework.test.context.support.DirtiesContextTestExecutionListener, org.springframework.test.context.transaction.TransactionalTestExecutionListener, org.springframework.test.context.jdbc.SqlScriptsTestExecutionListener]
 2017-09-01 15:27:08 [ main:23 ] - [ INFO ] Using TestExecutionListeners: [org.springframework.test.context.web.ServletTestExecutionListener@769e7ee8, org.springframework.test.context.support.DirtiesContextBeforeModesTestExecutionListener@5276e6b0, org.springframework.test.context.support.DependencyInjectionTestExecutionListener@71b1176b, org.springframework.test.context.support.DirtiesContextTestExecutionListener@6193932a, org.springframework.test.context.transaction.TransactionalTestExecutionListener@647fd8ce, org.springframework.test.context.jdbc.SqlScriptsTestExecutionListener@159f197]
 2017-09-01 15:27:08 [ main:163 ] - [ INFO ] Loading XML bean definitions from class path resource [com/sp/config/spring-common.xml]
 2017-09-01 15:27:08 [ main:391 ] - [ INFO ] Loading XML bean definitions from class path resource [com/sp/config/spring-db.xml]
 2017-09-01 15:27:08 [ main:411 ] - [ INFO ] Loading XML bean definitions from class path resource [com/sp/config/spring-mybatis.xml]
 2017-09-01 15:27:08 [ main:437 ] - [ INFO ] Loading XML bean definitions from class path resource [com/sp/config/spring-dao.xml]
 2017-09-01 15:27:08 [ main:460 ] - [ INFO ] Loading XML bean definitions from class path resource [com/sp/config/spring-tx.xml]
 2017-09-01 15:27:08 [ main:512 ] - [ INFO ] Refreshing org.springframework.context.support.GenericApplicationContext@35ef1869: startup date [Fri Sep 01 15:27:08 CST 2017]; root of context hierarchy
 2017-09-01 15:27:09 [ main:691 ] - [ WARN ] No MyBatis mapper was found in '[com.sp.net.dao.impl]' package. Please check your configuration.
 2017-09-01 15:27:10 [ main:2045 ] - [ INFO ] {dataSource-1} inited
 2017-09-01 15:27:10 [ main:2151 ] - [ DEBUG ] ==>  Preparing: select W_ID, M_ID, PURCHASE_COUNT, MATERIAL_CATEGORY, PURCHASE_STATE, CREATETIME, MODIFYTIME, STATE from tb_warehouse_record WHERE STATE = ? LIMIT ?,? 
 2017-09-01 15:27:10 [ main:2184 ] - [ DEBUG ] ==> Parameters: 1(String), 0(Integer), 10(Integer)
 2017-09-01 15:27:10 [ main:2260 ] - [ DEBUG ] <==      Total: 4
 2017-09-01 15:27:10 [ main:2270 ] - [ DEBUG ] ==>  Preparing: select count(1) from tb_warehouse_record WHERE STATE = ? 
 2017-09-01 15:27:10 [ main:2271 ] - [ DEBUG ] ==> Parameters: 1(String)
 2017-09-01 15:27:10 [ main:2275 ] - [ DEBUG ] <==      Total: 1
 2017-09-01 15:27:10 [ Thread-0:2353 ] - [ INFO ] Closing org.springframework.context.support.GenericApplicationContext@35ef1869: startup date [Fri Sep 01 15:27:08 CST 2017]; root of context hierarchy
 2017-09-01 15:27:10 [ Thread-0:2408 ] - [ INFO ] {dataSource-1} closed
 2017-09-01 16:14:20 [ main:0 ] - [ INFO ] Loaded default TestExecutionListener class names from location [META-INF/spring.factories]: [org.springframework.test.context.web.ServletTestExecutionListener, org.springframework.test.context.support.DirtiesContextBeforeModesTestExecutionListener, org.springframework.test.context.support.DependencyInjectionTestExecutionListener, org.springframework.test.context.support.DirtiesContextTestExecutionListener, org.springframework.test.context.transaction.TransactionalTestExecutionListener, org.springframework.test.context.jdbc.SqlScriptsTestExecutionListener]
 2017-09-01 16:14:20 [ main:65 ] - [ INFO ] Using TestExecutionListeners: [org.springframework.test.context.web.ServletTestExecutionListener@769e7ee8, org.springframework.test.context.support.DirtiesContextBeforeModesTestExecutionListener@5276e6b0, org.springframework.test.context.support.DependencyInjectionTestExecutionListener@71b1176b, org.springframework.test.context.support.DirtiesContextTestExecutionListener@6193932a, org.springframework.test.context.transaction.TransactionalTestExecutionListener@647fd8ce, org.springframework.test.context.jdbc.SqlScriptsTestExecutionListener@159f197]
 2017-09-01 16:14:20 [ main:192 ] - [ INFO ] Loading XML bean definitions from class path resource [com/sp/config/spring-common.xml]
 2017-09-01 16:14:20 [ main:456 ] - [ INFO ] Loading XML bean definitions from class path resource [com/sp/config/spring-db.xml]
 2017-09-01 16:14:20 [ main:480 ] - [ INFO ] Loading XML bean definitions from class path resource [com/sp/config/spring-mybatis.xml]
 2017-09-01 16:14:20 [ main:507 ] - [ INFO ] Loading XML bean definitions from class path resource [com/sp/config/spring-dao.xml]
 2017-09-01 16:14:20 [ main:526 ] - [ INFO ] Loading XML bean definitions from class path resource [com/sp/config/spring-tx.xml]
 2017-09-01 16:14:20 [ main:573 ] - [ INFO ] Refreshing org.springframework.context.support.GenericApplicationContext@35ef1869: startup date [Fri Sep 01 16:14:20 CST 2017]; root of context hierarchy
 2017-09-01 16:14:21 [ main:748 ] - [ WARN ] No MyBatis mapper was found in '[com.sp.net.dao.impl]' package. Please check your configuration.
 2017-09-01 16:14:22 [ main:2079 ] - [ INFO ] {dataSource-1} inited
 2017-09-01 16:14:22 [ main:2193 ] - [ DEBUG ] ==>  Preparing: select W_ID, M_ID, PURCHASE_COUNT, MATERIAL_CATEGORY, PURCHASE_STATE, CREATETIME, MODIFYTIME, STATE from tb_warehouse_record WHERE STATE = ? LIMIT ?,? 
 2017-09-01 16:14:22 [ main:2250 ] - [ DEBUG ] ==> Parameters: 1(String), 0(Integer), 10(Integer)
 2017-09-01 16:14:22 [ main:2284 ] - [ DEBUG ] <==      Total: 4
 2017-09-01 16:14:22 [ main:2292 ] - [ DEBUG ] ==>  Preparing: select count(1) from tb_warehouse_record WHERE STATE = ? 
 2017-09-01 16:14:22 [ main:2292 ] - [ DEBUG ] ==> Parameters: 1(String)
 2017-09-01 16:14:22 [ main:2296 ] - [ DEBUG ] <==      Total: 1
 2017-09-01 16:14:22 [ Thread-0:2329 ] - [ INFO ] Closing org.springframework.context.support.GenericApplicationContext@35ef1869: startup date [Fri Sep 01 16:14:20 CST 2017]; root of context hierarchy
 2017-09-01 16:14:22 [ Thread-0:2347 ] - [ INFO ] {dataSource-1} closed
 