2017-09-24 00:19:27 [ main:0 ] - [ INFO ] Loaded default TestExecutionListener class names from location [META-INF/spring.factories]: [org.springframework.test.context.web.ServletTestExecutionListener, org.springframework.test.context.support.DirtiesContextBeforeModesTestExecutionListener, org.springframework.test.context.support.DependencyInjectionTestExecutionListener, org.springframework.test.context.support.DirtiesContextTestExecutionListener, org.springframework.test.context.transaction.TransactionalTestExecutionListener, org.springframework.test.context.jdbc.SqlScriptsTestExecutionListener]
 2017-09-24 00:19:27 [ main:21 ] - [ INFO ] Using TestExecutionListeners: [org.springframework.test.context.web.ServletTestExecutionListener@12b0404f, org.springframework.test.context.support.DirtiesContextBeforeModesTestExecutionListener@769e7ee8, org.springframework.test.context.support.DependencyInjectionTestExecutionListener@5276e6b0, org.springframework.test.context.support.DirtiesContextTestExecutionListener@71b1176b, org.springframework.test.context.transaction.TransactionalTestExecutionListener@6193932a, org.springframework.test.context.jdbc.SqlScriptsTestExecutionListener@647fd8ce]
 2017-09-24 00:19:28 [ main:151 ] - [ INFO ] Loading XML bean definitions from class path resource [com/sp/config/spring-common.xml]
 2017-09-24 00:19:28 [ main:415 ] - [ INFO ] Loading XML bean definitions from class path resource [com/sp/config/spring-db.xml]
 2017-09-24 00:19:28 [ main:437 ] - [ INFO ] Loading XML bean definitions from class path resource [com/sp/config/spring-mybatis.xml]
 2017-09-24 00:19:28 [ main:456 ] - [ INFO ] Loading XML bean definitions from class path resource [com/sp/config/spring-dao.xml]
 2017-09-24 00:19:28 [ main:472 ] - [ INFO ] Loading XML bean definitions from class path resource [com/sp/config/spring-tx.xml]
 2017-09-24 00:19:28 [ main:510 ] - [ INFO ] Refreshing org.springframework.context.support.GenericApplicationContext@3c407114: startup date [Sun Sep 24 00:19:28 CST 2017]; root of context hierarchy
 2017-09-24 00:19:28 [ main:710 ] - [ WARN ] No MyBatis mapper was found in '[com.sp.net.dao.impl]' package. Please check your configuration.
 2017-09-24 00:19:29 [ Thread-0:1685 ] - [ INFO ] Closing org.springframework.context.support.GenericApplicationContext@3c407114: startup date [Sun Sep 24 00:19:28 CST 2017]; root of context hierarchy
 2017-09-24 00:19:53 [ main:0 ] - [ INFO ] Loaded default TestExecutionListener class names from location [META-INF/spring.factories]: [org.springframework.test.context.web.ServletTestExecutionListener, org.springframework.test.context.support.DirtiesContextBeforeModesTestExecutionListener, org.springframework.test.context.support.DependencyInjectionTestExecutionListener, org.springframework.test.context.support.DirtiesContextTestExecutionListener, org.springframework.test.context.transaction.TransactionalTestExecutionListener, org.springframework.test.context.jdbc.SqlScriptsTestExecutionListener]
 2017-09-24 00:19:53 [ main:18 ] - [ INFO ] Using TestExecutionListeners: [org.springframework.test.context.web.ServletTestExecutionListener@12b0404f, org.springframework.test.context.support.DirtiesContextBeforeModesTestExecutionListener@769e7ee8, org.springframework.test.context.support.DependencyInjectionTestExecutionListener@5276e6b0, org.springframework.test.context.support.DirtiesContextTestExecutionListener@71b1176b, org.springframework.test.context.transaction.TransactionalTestExecutionListener@6193932a, org.springframework.test.context.jdbc.SqlScriptsTestExecutionListener@647fd8ce]
 2017-09-24 00:19:53 [ main:171 ] - [ INFO ] Loading XML bean definitions from class path resource [com/sp/config/spring-common.xml]
 2017-09-24 00:19:53 [ main:398 ] - [ INFO ] Loading XML bean definitions from class path resource [com/sp/config/spring-db.xml]
 2017-09-24 00:19:53 [ main:423 ] - [ INFO ] Loading XML bean definitions from class path resource [com/sp/config/spring-mybatis.xml]
 2017-09-24 00:19:53 [ main:443 ] - [ INFO ] Loading XML bean definitions from class path resource [com/sp/config/spring-dao.xml]
 2017-09-24 00:19:53 [ main:460 ] - [ INFO ] Loading XML bean definitions from class path resource [com/sp/config/spring-tx.xml]
 2017-09-24 00:19:53 [ main:497 ] - [ INFO ] Refreshing org.springframework.context.support.GenericApplicationContext@3c407114: startup date [Sun Sep 24 00:19:53 CST 2017]; root of context hierarchy
 2017-09-24 00:19:53 [ main:718 ] - [ WARN ] No MyBatis mapper was found in '[com.sp.net.dao.impl]' package. Please check your configuration.
 2017-09-24 00:19:54 [ Thread-0:1632 ] - [ INFO ] Closing org.springframework.context.support.GenericApplicationContext@3c407114: startup date [Sun Sep 24 00:19:53 CST 2017]; root of context hierarchy
 2017-09-24 00:20:26 [ main:0 ] - [ INFO ] Loaded default TestExecutionListener class names from location [META-INF/spring.factories]: [org.springframework.test.context.web.ServletTestExecutionListener, org.springframework.test.context.support.DirtiesContextBeforeModesTestExecutionListener, org.springframework.test.context.support.DependencyInjectionTestExecutionListener, org.springframework.test.context.support.DirtiesContextTestExecutionListener, org.springframework.test.context.transaction.TransactionalTestExecutionListener, org.springframework.test.context.jdbc.SqlScriptsTestExecutionListener]
 2017-09-24 00:20:26 [ main:17 ] - [ INFO ] Using TestExecutionListeners: [org.springframework.test.context.web.ServletTestExecutionListener@12b0404f, org.springframework.test.context.support.DirtiesContextBeforeModesTestExecutionListener@769e7ee8, org.springframework.test.context.support.DependencyInjectionTestExecutionListener@5276e6b0, org.springframework.test.context.support.DirtiesContextTestExecutionListener@71b1176b, org.springframework.test.context.transaction.TransactionalTestExecutionListener@6193932a, org.springframework.test.context.jdbc.SqlScriptsTestExecutionListener@647fd8ce]
 2017-09-24 00:20:26 [ main:177 ] - [ INFO ] Loading XML bean definitions from class path resource [com/sp/config/spring-common.xml]
 2017-09-24 00:20:27 [ main:452 ] - [ INFO ] Loading XML bean definitions from class path resource [com/sp/config/spring-db.xml]
 2017-09-24 00:20:27 [ main:480 ] - [ INFO ] Loading XML bean definitions from class path resource [com/sp/config/spring-mybatis.xml]
 2017-09-24 00:20:27 [ main:519 ] - [ INFO ] Loading XML bean definitions from class path resource [com/sp/config/spring-dao.xml]
 2017-09-24 00:20:27 [ main:581 ] - [ INFO ] Loading XML bean definitions from class path resource [com/sp/config/spring-tx.xml]
 2017-09-24 00:20:27 [ main:654 ] - [ INFO ] Refreshing org.springframework.context.support.GenericApplicationContext@3c407114: startup date [Sun Sep 24 00:20:27 CST 2017]; root of context hierarchy
 2017-09-24 00:20:27 [ main:862 ] - [ WARN ] No MyBatis mapper was found in '[com.sp.net.dao.impl]' package. Please check your configuration.
 2017-09-24 00:20:28 [ Thread-0:1750 ] - [ INFO ] Closing org.springframework.context.support.GenericApplicationContext@3c407114: startup date [Sun Sep 24 00:20:27 CST 2017]; root of context hierarchy
 