2017-09-05 10:25:14 [ main:0 ] - [ INFO ] Loaded default TestExecutionListener class names from location [META-INF/spring.factories]: [org.springframework.test.context.web.ServletTestExecutionListener, org.springframework.test.context.support.DirtiesContextBeforeModesTestExecutionListener, org.springframework.test.context.support.DependencyInjectionTestExecutionListener, org.springframework.test.context.support.DirtiesContextTestExecutionListener, org.springframework.test.context.transaction.TransactionalTestExecutionListener, org.springframework.test.context.jdbc.SqlScriptsTestExecutionListener]
 2017-09-05 10:25:14 [ main:42 ] - [ INFO ] Using TestExecutionListeners: [org.springframework.test.context.web.ServletTestExecutionListener@12b0404f, org.springframework.test.context.support.DirtiesContextBeforeModesTestExecutionListener@769e7ee8, org.springframework.test.context.support.DependencyInjectionTestExecutionListener@5276e6b0, org.springframework.test.context.support.DirtiesContextTestExecutionListener@71b1176b, org.springframework.test.context.transaction.TransactionalTestExecutionListener@6193932a, org.springframework.test.context.jdbc.SqlScriptsTestExecutionListener@647fd8ce]
 2017-09-05 10:25:14 [ main:117 ] - [ INFO ] Loading XML bean definitions from class path resource [com/sp/config/spring-common.xml]
 2017-09-05 10:25:14 [ main:654 ] - [ INFO ] Loading XML bean definitions from class path resource [com/sp/config/spring-db.xml]
 2017-09-05 10:25:14 [ main:676 ] - [ INFO ] Loading XML bean definitions from class path resource [com/sp/config/spring-mybatis.xml]
 2017-09-05 10:25:14 [ main:698 ] - [ INFO ] Loading XML bean definitions from class path resource [com/sp/config/spring-dao.xml]
 2017-09-05 10:25:14 [ main:741 ] - [ INFO ] Loading XML bean definitions from class path resource [com/sp/config/spring-tx.xml]
 2017-09-05 10:25:14 [ main:784 ] - [ INFO ] Refreshing org.springframework.context.support.GenericApplicationContext@3c407114: startup date [Tue Sep 05 10:25:14 CST 2017]; root of context hierarchy
 2017-09-05 10:25:15 [ main:1013 ] - [ WARN ] No MyBatis mapper was found in '[com.sp.net.dao.impl]' package. Please check your configuration.
 2017-09-05 10:25:16 [ main:2737 ] - [ INFO ] {dataSource-1} inited
 2017-09-05 10:25:16 [ main:2764 ] - [ DEBUG ] ==>  Preparing: SELECT A_id, A_account, A_pwd, A_role, A_dept, A_name, A_contact, STATE FROM tb_admin WHERE A_id = ? 
 2017-09-05 10:25:16 [ main:2783 ] - [ DEBUG ] ==> Parameters: 1(String)
 2017-09-05 10:25:17 [ main:2850 ] - [ DEBUG ] <==      Total: 1
 2017-09-05 10:25:17 [ Thread-0:2864 ] - [ INFO ] Closing org.springframework.context.support.GenericApplicationContext@3c407114: startup date [Tue Sep 05 10:25:14 CST 2017]; root of context hierarchy
 2017-09-05 10:25:17 [ Thread-0:2871 ] - [ INFO ] {dataSource-1} closed
 2017-09-05 10:27:47 [ main:0 ] - [ INFO ] Loaded default TestExecutionListener class names from location [META-INF/spring.factories]: [org.springframework.test.context.web.ServletTestExecutionListener, org.springframework.test.context.support.DirtiesContextBeforeModesTestExecutionListener, org.springframework.test.context.support.DependencyInjectionTestExecutionListener, org.springframework.test.context.support.DirtiesContextTestExecutionListener, org.springframework.test.context.transaction.TransactionalTestExecutionListener, org.springframework.test.context.jdbc.SqlScriptsTestExecutionListener]
 2017-09-05 10:27:47 [ main:23 ] - [ INFO ] Using TestExecutionListeners: [org.springframework.test.context.web.ServletTestExecutionListener@12b0404f, org.springframework.test.context.support.DirtiesContextBeforeModesTestExecutionListener@769e7ee8, org.springframework.test.context.support.DependencyInjectionTestExecutionListener@5276e6b0, org.springframework.test.context.support.DirtiesContextTestExecutionListener@71b1176b, org.springframework.test.context.transaction.TransactionalTestExecutionListener@6193932a, org.springframework.test.context.jdbc.SqlScriptsTestExecutionListener@647fd8ce]
 2017-09-05 10:27:48 [ main:167 ] - [ INFO ] Loading XML bean definitions from class path resource [com/sp/config/spring-common.xml]
 2017-09-05 10:27:48 [ main:413 ] - [ INFO ] Loading XML bean definitions from class path resource [com/sp/config/spring-db.xml]
 2017-09-05 10:27:48 [ main:440 ] - [ INFO ] Loading XML bean definitions from class path resource [com/sp/config/spring-mybatis.xml]
 2017-09-05 10:27:48 [ main:462 ] - [ INFO ] Loading XML bean definitions from class path resource [com/sp/config/spring-dao.xml]
 2017-09-05 10:27:48 [ main:485 ] - [ INFO ] Loading XML bean definitions from class path resource [com/sp/config/spring-tx.xml]
 2017-09-05 10:27:48 [ main:533 ] - [ INFO ] Refreshing org.springframework.context.support.GenericApplicationContext@3c407114: startup date [Tue Sep 05 10:27:48 CST 2017]; root of context hierarchy
 2017-09-05 10:27:48 [ main:765 ] - [ WARN ] No MyBatis mapper was found in '[com.sp.net.dao.impl]' package. Please check your configuration.
 2017-09-05 10:27:50 [ main:2255 ] - [ INFO ] {dataSource-1} inited
 2017-09-05 10:27:50 [ main:2286 ] - [ DEBUG ] ==>  Preparing: SELECT C_ID, C_NAME, C_CONTACT, C_ADDRESS, C_LEGALPERSON, STATE FROM tb_client WHERE C_ID = ? 
 2017-09-05 10:27:50 [ main:2313 ] - [ DEBUG ] ==> Parameters: 3ea284418c6e11e7b5cec85b76aeb963(String)
 2017-09-05 10:27:50 [ main:2379 ] - [ DEBUG ] <==      Total: 1
 2017-09-05 10:27:50 [ Thread-0:2386 ] - [ INFO ] Closing org.springframework.context.support.GenericApplicationContext@3c407114: startup date [Tue Sep 05 10:27:48 CST 2017]; root of context hierarchy
 2017-09-05 10:27:50 [ Thread-0:2397 ] - [ INFO ] {dataSource-1} closed
 2017-09-05 16:24:01 [ main:0 ] - [ INFO ] Loaded default TestExecutionListener class names from location [META-INF/spring.factories]: [org.springframework.test.context.web.ServletTestExecutionListener, org.springframework.test.context.support.DirtiesContextBeforeModesTestExecutionListener, org.springframework.test.context.support.DependencyInjectionTestExecutionListener, org.springframework.test.context.support.DirtiesContextTestExecutionListener, org.springframework.test.context.transaction.TransactionalTestExecutionListener, org.springframework.test.context.jdbc.SqlScriptsTestExecutionListener]
 2017-09-05 16:24:01 [ main:21 ] - [ INFO ] Using TestExecutionListeners: [org.springframework.test.context.web.ServletTestExecutionListener@419c5f1a, org.springframework.test.context.support.DirtiesContextBeforeModesTestExecutionListener@12b0404f, org.springframework.test.context.support.DependencyInjectionTestExecutionListener@769e7ee8, org.springframework.test.context.support.DirtiesContextTestExecutionListener@5276e6b0, org.springframework.test.context.transaction.TransactionalTestExecutionListener@71b1176b, org.springframework.test.context.jdbc.SqlScriptsTestExecutionListener@6193932a]
 2017-09-05 16:24:01 [ main:153 ] - [ INFO ] Loading XML bean definitions from class path resource [com/sp/config/spring-common.xml]
 2017-09-05 16:24:01 [ main:369 ] - [ INFO ] Loading XML bean definitions from class path resource [com/sp/config/spring-db.xml]
 2017-09-05 16:24:01 [ main:391 ] - [ INFO ] Loading XML bean definitions from class path resource [com/sp/config/spring-mybatis.xml]
 2017-09-05 16:24:02 [ main:445 ] - [ INFO ] Loading XML bean definitions from class path resource [com/sp/config/spring-dao.xml]
 2017-09-05 16:24:02 [ main:492 ] - [ INFO ] Loading XML bean definitions from class path resource [com/sp/config/spring-tx.xml]
 2017-09-05 16:24:02 [ main:543 ] - [ INFO ] Refreshing org.springframework.context.support.GenericApplicationContext@41fbdac4: startup date [Tue Sep 05 16:24:02 CST 2017]; root of context hierarchy
 2017-09-05 16:24:02 [ main:890 ] - [ WARN ] No MyBatis mapper was found in '[com.sp.net.dao.impl]' package. Please check your configuration.
 2017-09-05 16:24:05 [ main:3455 ] - [ INFO ] {dataSource-1} inited
 2017-09-05 16:24:05 [ main:3522 ] - [ DEBUG ] ==>  Preparing: select replace(uuid(),'-','') from dual 
 2017-09-05 16:24:05 [ main:3541 ] - [ DEBUG ] ==> Parameters: 
 2017-09-05 16:24:05 [ main:3695 ] - [ DEBUG ] <==      Total: 1
 2017-09-05 16:24:05 [ main:3697 ] - [ DEBUG ] ==>  Preparing: INSERT INTO tb_order ( O_ID, PROJECT_NAME , C_ID , P_ID , A_ID , COUNT , DIAMETER , PRICE , DUE_DATE , CREATETIME , MODIFYTIME , ORDER_STATE , STATE ) VALUES ( ?, ?, ?, ?, ?, ?, ?, ?, ?, ?, ?, ?, ? ) 
 2017-09-05 16:24:05 [ main:3702 ] - [ DEBUG ] ==> Parameters: a04ad630921311e7a3ecc85b76aeb963(String), 测试项目111111(String), 3ea284418c6e11e7b5cec85b76aeb963(String), da44a3ce912411e7a3ecc85b76aeb963(String), 64c7f5eb87e311e7b5cec85b76aeb963(String), 3(Integer), 10.0(Double), 2.33(Double), 2017-09-10 16:24:04.313(Timestamp), 2017-09-05 16:24:04.313(Timestamp), 2017-09-05 16:24:04.313(Timestamp), 1(String), 1(String)
 2017-09-05 16:24:05 [ main:3743 ] - [ DEBUG ] <==    Updates: 1
 2017-09-05 16:24:05 [ Thread-0:3852 ] - [ INFO ] Closing org.springframework.context.support.GenericApplicationContext@41fbdac4: startup date [Tue Sep 05 16:24:02 CST 2017]; root of context hierarchy
 2017-09-05 16:24:05 [ Thread-0:3885 ] - [ INFO ] {dataSource-1} closed
 2017-09-05 16:27:22 [ main:0 ] - [ INFO ] Loaded default TestExecutionListener class names from location [META-INF/spring.factories]: [org.springframework.test.context.web.ServletTestExecutionListener, org.springframework.test.context.support.DirtiesContextBeforeModesTestExecutionListener, org.springframework.test.context.support.DependencyInjectionTestExecutionListener, org.springframework.test.context.support.DirtiesContextTestExecutionListener, org.springframework.test.context.transaction.TransactionalTestExecutionListener, org.springframework.test.context.jdbc.SqlScriptsTestExecutionListener]
 2017-09-05 16:27:22 [ main:40 ] - [ INFO ] Using TestExecutionListeners: [org.springframework.test.context.web.ServletTestExecutionListener@419c5f1a, org.springframework.test.context.support.DirtiesContextBeforeModesTestExecutionListener@12b0404f, org.springframework.test.context.support.DependencyInjectionTestExecutionListener@769e7ee8, org.springframework.test.context.support.DirtiesContextTestExecutionListener@5276e6b0, org.springframework.test.context.transaction.TransactionalTestExecutionListener@71b1176b, org.springframework.test.context.jdbc.SqlScriptsTestExecutionListener@6193932a]
 2017-09-05 16:27:22 [ main:261 ] - [ INFO ] Loading XML bean definitions from class path resource [com/sp/config/spring-common.xml]
 2017-09-05 16:27:22 [ main:479 ] - [ INFO ] Loading XML bean definitions from class path resource [com/sp/config/spring-db.xml]
 2017-09-05 16:27:22 [ main:501 ] - [ INFO ] Loading XML bean definitions from class path resource [com/sp/config/spring-mybatis.xml]
 2017-09-05 16:27:22 [ main:523 ] - [ INFO ] Loading XML bean definitions from class path resource [com/sp/config/spring-dao.xml]
 2017-09-05 16:27:22 [ main:555 ] - [ INFO ] Loading XML bean definitions from class path resource [com/sp/config/spring-tx.xml]
 2017-09-05 16:27:22 [ main:605 ] - [ INFO ] Refreshing org.springframework.context.support.GenericApplicationContext@41fbdac4: startup date [Tue Sep 05 16:27:22 CST 2017]; root of context hierarchy
 2017-09-05 16:27:23 [ main:810 ] - [ WARN ] No MyBatis mapper was found in '[com.sp.net.dao.impl]' package. Please check your configuration.
 2017-09-05 16:27:25 [ main:2683 ] - [ INFO ] {dataSource-1} inited
 2017-09-05 16:27:25 [ main:2716 ] - [ DEBUG ] ==>  Preparing: SELECT O_ID, PROJECT_NAME, C_ID, P_ID, A_ID, COUNT, DIAMETER, PRICE, DUE_DATE, CREATETIME, MODIFYTIME, ORDER_STATE, STATE FROM tb_order WHERE O_ID = ? 
 2017-09-05 16:27:25 [ main:2736 ] - [ DEBUG ] ==> Parameters: a04ad630921311e7a3ecc85b76aeb963(String)
 2017-09-05 16:27:25 [ main:2823 ] - [ DEBUG ] <==      Total: 1
 2017-09-05 16:27:25 [ main:2826 ] - [ DEBUG ] ==>  Preparing: SELECT C_ID, C_NAME, C_CONTACT, C_ADDRESS, C_LEGALPERSON, STATE FROM tb_client WHERE C_ID = ? 
 2017-09-05 16:27:25 [ main:2827 ] - [ DEBUG ] ==> Parameters: 3ea284418c6e11e7b5cec85b76aeb963(String)
 2017-09-05 16:27:25 [ main:2828 ] - [ DEBUG ] <==      Total: 1
 2017-09-05 16:27:25 [ main:2829 ] - [ DEBUG ] ==>  Preparing: SELECT P_ID, PRODUCT_NAME, IMAGE_URL, PRICE, PRODUCT_TYPE, M_ID, MATERIAL_COUNT, STATE FROM tb_product WHERE P_ID = ? 
 2017-09-05 16:27:25 [ main:2830 ] - [ DEBUG ] ==> Parameters: da44a3ce912411e7a3ecc85b76aeb963(String)
 2017-09-05 16:27:25 [ main:2831 ] - [ DEBUG ] <==      Total: 1
 2017-09-05 16:27:25 [ main:2832 ] - [ DEBUG ] ==>  Preparing: SELECT M_ID, M_NAME, M_EXIST_COUNT, M_MIN_COUNT, M_CATEGORY, M_DIAMETER, M_LENGTH, M_WEIGHT, STATE FROM tb_material WHERE M_ID = ? 
 2017-09-05 16:27:25 [ main:2832 ] - [ DEBUG ] ==> Parameters: 940a0242914111e7a3ecc85b76aeb963(String)
 2017-09-05 16:27:25 [ main:2834 ] - [ DEBUG ] <==      Total: 1
 2017-09-05 16:27:25 [ main:2834 ] - [ DEBUG ] ==>  Preparing: SELECT A_id, A_account, A_pwd, A_role, A_dept, A_name, A_contact, STATE FROM tb_admin WHERE A_id = ? 
 2017-09-05 16:27:25 [ main:2835 ] - [ DEBUG ] ==> Parameters: 64c7f5eb87e311e7b5cec85b76aeb963(String)
 2017-09-05 16:27:25 [ main:2836 ] - [ DEBUG ] <==      Total: 1
 2017-09-05 16:27:25 [ Thread-0:2843 ] - [ INFO ] Closing org.springframework.context.support.GenericApplicationContext@41fbdac4: startup date [Tue Sep 05 16:27:22 CST 2017]; root of context hierarchy
 2017-09-05 16:27:25 [ Thread-0:2855 ] - [ INFO ] {dataSource-1} closed
 2017-09-05 16:28:29 [ main:0 ] - [ INFO ] Loaded default TestExecutionListener class names from location [META-INF/spring.factories]: [org.springframework.test.context.web.ServletTestExecutionListener, org.springframework.test.context.support.DirtiesContextBeforeModesTestExecutionListener, org.springframework.test.context.support.DependencyInjectionTestExecutionListener, org.springframework.test.context.support.DirtiesContextTestExecutionListener, org.springframework.test.context.transaction.TransactionalTestExecutionListener, org.springframework.test.context.jdbc.SqlScriptsTestExecutionListener]
 2017-09-05 16:28:29 [ main:16 ] - [ INFO ] Using TestExecutionListeners: [org.springframework.test.context.web.ServletTestExecutionListener@419c5f1a, org.springframework.test.context.support.DirtiesContextBeforeModesTestExecutionListener@12b0404f, org.springframework.test.context.support.DependencyInjectionTestExecutionListener@769e7ee8, org.springframework.test.context.support.DirtiesContextTestExecutionListener@5276e6b0, org.springframework.test.context.transaction.TransactionalTestExecutionListener@71b1176b, org.springframework.test.context.jdbc.SqlScriptsTestExecutionListener@6193932a]
 2017-09-05 16:28:29 [ main:105 ] - [ INFO ] Loading XML bean definitions from class path resource [com/sp/config/spring-common.xml]
 2017-09-05 16:28:30 [ main:391 ] - [ INFO ] Loading XML bean definitions from class path resource [com/sp/config/spring-db.xml]
 2017-09-05 16:28:30 [ main:415 ] - [ INFO ] Loading XML bean definitions from class path resource [com/sp/config/spring-mybatis.xml]
 2017-09-05 16:28:30 [ main:437 ] - [ INFO ] Loading XML bean definitions from class path resource [com/sp/config/spring-dao.xml]
 2017-09-05 16:28:30 [ main:466 ] - [ INFO ] Loading XML bean definitions from class path resource [com/sp/config/spring-tx.xml]
 2017-09-05 16:28:30 [ main:508 ] - [ INFO ] Refreshing org.springframework.context.support.GenericApplicationContext@41fbdac4: startup date [Tue Sep 05 16:28:30 CST 2017]; root of context hierarchy
 2017-09-05 16:28:30 [ main:697 ] - [ WARN ] No MyBatis mapper was found in '[com.sp.net.dao.impl]' package. Please check your configuration.
 2017-09-05 16:28:38 [ main:8553 ] - [ INFO ] {dataSource-1} inited
 2017-09-05 16:28:38 [ main:8651 ] - [ DEBUG ] ==>  Preparing: SELECT O_ID, PROJECT_NAME, C_ID, P_ID, A_ID, COUNT, DIAMETER, PRICE, DUE_DATE, CREATETIME, MODIFYTIME, ORDER_STATE, STATE FROM tb_order WHERE O_ID = ? 
 2017-09-05 16:28:38 [ main:8854 ] - [ DEBUG ] ==> Parameters: a04ad630921311e7a3ecc85b76aeb963(String)
 2017-09-05 16:28:38 [ main:9049 ] - [ DEBUG ] <==      Total: 1
 2017-09-05 16:28:38 [ main:9051 ] - [ DEBUG ] ==>  Preparing: SELECT C_ID, C_NAME, C_CONTACT, C_ADDRESS, C_LEGALPERSON, STATE FROM tb_client WHERE C_ID = ? 
 2017-09-05 16:28:38 [ main:9053 ] - [ DEBUG ] ==> Parameters: 3ea284418c6e11e7b5cec85b76aeb963(String)
 2017-09-05 16:28:38 [ main:9057 ] - [ DEBUG ] <==      Total: 1
 2017-09-05 16:28:38 [ main:9060 ] - [ DEBUG ] ==>  Preparing: SELECT P_ID, PRODUCT_NAME, IMAGE_URL, PRICE, PRODUCT_TYPE, M_ID, MATERIAL_COUNT, STATE FROM tb_product WHERE P_ID = ? 
 2017-09-05 16:28:38 [ main:9062 ] - [ DEBUG ] ==> Parameters: da44a3ce912411e7a3ecc85b76aeb963(String)
 2017-09-05 16:28:38 [ main:9067 ] - [ DEBUG ] <==      Total: 1
 2017-09-05 16:28:38 [ main:9068 ] - [ DEBUG ] ==>  Preparing: SELECT M_ID, M_NAME, M_EXIST_COUNT, M_MIN_COUNT, M_CATEGORY, M_DIAMETER, M_LENGTH, M_WEIGHT, STATE FROM tb_material WHERE M_ID = ? 
 2017-09-05 16:28:38 [ main:9070 ] - [ DEBUG ] ==> Parameters: 940a0242914111e7a3ecc85b76aeb963(String)
 2017-09-05 16:28:38 [ main:9075 ] - [ DEBUG ] <==      Total: 1
 2017-09-05 16:28:38 [ main:9079 ] - [ DEBUG ] ==>  Preparing: SELECT A_id, A_account, A_pwd, A_role, A_dept, A_name, A_contact, STATE FROM tb_admin WHERE A_id = ? 
 2017-09-05 16:28:38 [ main:9082 ] - [ DEBUG ] ==> Parameters: 64c7f5eb87e311e7b5cec85b76aeb963(String)
 2017-09-05 16:28:38 [ main:9085 ] - [ DEBUG ] <==      Total: 1
 2017-09-05 16:29:37 [ Thread-0:68208 ] - [ INFO ] Closing org.springframework.context.support.GenericApplicationContext@41fbdac4: startup date [Tue Sep 05 16:28:30 CST 2017]; root of context hierarchy
 2017-09-05 16:29:38 [ Thread-0:68226 ] - [ INFO ] {dataSource-1} closed
 2017-09-05 16:31:44 [ main:0 ] - [ INFO ] Loaded default TestExecutionListener class names from location [META-INF/spring.factories]: [org.springframework.test.context.web.ServletTestExecutionListener, org.springframework.test.context.support.DirtiesContextBeforeModesTestExecutionListener, org.springframework.test.context.support.DependencyInjectionTestExecutionListener, org.springframework.test.context.support.DirtiesContextTestExecutionListener, org.springframework.test.context.transaction.TransactionalTestExecutionListener, org.springframework.test.context.jdbc.SqlScriptsTestExecutionListener]
 2017-09-05 16:31:44 [ main:25 ] - [ INFO ] Using TestExecutionListeners: [org.springframework.test.context.web.ServletTestExecutionListener@419c5f1a, org.springframework.test.context.support.DirtiesContextBeforeModesTestExecutionListener@12b0404f, org.springframework.test.context.support.DependencyInjectionTestExecutionListener@769e7ee8, org.springframework.test.context.support.DirtiesContextTestExecutionListener@5276e6b0, org.springframework.test.context.transaction.TransactionalTestExecutionListener@71b1176b, org.springframework.test.context.jdbc.SqlScriptsTestExecutionListener@6193932a]
 2017-09-05 16:31:44 [ main:226 ] - [ INFO ] Loading XML bean definitions from class path resource [com/sp/config/spring-common.xml]
 2017-09-05 16:31:44 [ main:505 ] - [ INFO ] Loading XML bean definitions from class path resource [com/sp/config/spring-db.xml]
 2017-09-05 16:31:44 [ main:529 ] - [ INFO ] Loading XML bean definitions from class path resource [com/sp/config/spring-mybatis.xml]
 2017-09-05 16:31:45 [ main:550 ] - [ INFO ] Loading XML bean definitions from class path resource [com/sp/config/spring-dao.xml]
 2017-09-05 16:31:45 [ main:589 ] - [ INFO ] Loading XML bean definitions from class path resource [com/sp/config/spring-tx.xml]
 2017-09-05 16:31:45 [ main:632 ] - [ INFO ] Refreshing org.springframework.context.support.GenericApplicationContext@41fbdac4: startup date [Tue Sep 05 16:31:45 CST 2017]; root of context hierarchy
 2017-09-05 16:31:45 [ main:843 ] - [ WARN ] No MyBatis mapper was found in '[com.sp.net.dao.impl]' package. Please check your configuration.
 2017-09-05 16:31:47 [ main:2586 ] - [ INFO ] {dataSource-1} inited
 2017-09-05 16:31:47 [ main:2754 ] - [ DEBUG ] ==>  Preparing: select O_ID, PROJECT_NAME, C_ID, P_ID, A_ID, COUNT, DIAMETER, PRICE, DUE_DATE, CREATETIME, MODIFYTIME, ORDER_STATE, STATE from tb_order WHERE STATE = ? LIMIT ?,? 
 2017-09-05 16:31:47 [ main:2781 ] - [ DEBUG ] ==> Parameters: 1(String), 0(Integer), 10(Integer)
 2017-09-05 16:31:47 [ main:2807 ] - [ DEBUG ] <==      Total: 1
 2017-09-05 16:31:47 [ main:2808 ] - [ DEBUG ] ==>  Preparing: select count(1) from tb_order WHERE STATE = ? 
 2017-09-05 16:31:47 [ main:2809 ] - [ DEBUG ] ==> Parameters: 1(String)
 2017-09-05 16:31:47 [ main:2810 ] - [ DEBUG ] <==      Total: 1
 2017-09-05 16:31:47 [ Thread-0:2825 ] - [ INFO ] Closing org.springframework.context.support.GenericApplicationContext@41fbdac4: startup date [Tue Sep 05 16:31:45 CST 2017]; root of context hierarchy
 2017-09-05 16:31:47 [ Thread-0:2833 ] - [ INFO ] {dataSource-1} closed
 2017-09-05 16:35:16 [ main:0 ] - [ INFO ] Loaded default TestExecutionListener class names from location [META-INF/spring.factories]: [org.springframework.test.context.web.ServletTestExecutionListener, org.springframework.test.context.support.DirtiesContextBeforeModesTestExecutionListener, org.springframework.test.context.support.DependencyInjectionTestExecutionListener, org.springframework.test.context.support.DirtiesContextTestExecutionListener, org.springframework.test.context.transaction.TransactionalTestExecutionListener, org.springframework.test.context.jdbc.SqlScriptsTestExecutionListener]
 2017-09-05 16:35:16 [ main:22 ] - [ INFO ] Using TestExecutionListeners: [org.springframework.test.context.web.ServletTestExecutionListener@419c5f1a, org.springframework.test.context.support.DirtiesContextBeforeModesTestExecutionListener@12b0404f, org.springframework.test.context.support.DependencyInjectionTestExecutionListener@769e7ee8, org.springframework.test.context.support.DirtiesContextTestExecutionListener@5276e6b0, org.springframework.test.context.transaction.TransactionalTestExecutionListener@71b1176b, org.springframework.test.context.jdbc.SqlScriptsTestExecutionListener@6193932a]
 2017-09-05 16:35:16 [ main:142 ] - [ INFO ] Loading XML bean definitions from class path resource [com/sp/config/spring-common.xml]
 2017-09-05 16:35:16 [ main:377 ] - [ INFO ] Loading XML bean definitions from class path resource [com/sp/config/spring-db.xml]
 2017-09-05 16:35:16 [ main:403 ] - [ INFO ] Loading XML bean definitions from class path resource [com/sp/config/spring-mybatis.xml]
 2017-09-05 16:35:16 [ main:424 ] - [ INFO ] Loading XML bean definitions from class path resource [com/sp/config/spring-dao.xml]
 2017-09-05 16:35:16 [ main:448 ] - [ INFO ] Loading XML bean definitions from class path resource [com/sp/config/spring-tx.xml]
 2017-09-05 16:35:16 [ main:494 ] - [ INFO ] Refreshing org.springframework.context.support.GenericApplicationContext@41fbdac4: startup date [Tue Sep 05 16:35:16 CST 2017]; root of context hierarchy
 2017-09-05 16:35:16 [ main:709 ] - [ WARN ] No MyBatis mapper was found in '[com.sp.net.dao.impl]' package. Please check your configuration.
 2017-09-05 16:35:18 [ main:2081 ] - [ INFO ] {dataSource-1} inited
 2017-09-05 16:35:18 [ main:2175 ] - [ DEBUG ] ==>  Preparing: UPDATE tb_order SET ORDER_STATE =? WHERE O_ID = ? 
 2017-09-05 16:35:18 [ main:2194 ] - [ DEBUG ] ==> Parameters: 2(String), a04ad630921311e7a3ecc85b76aeb963(String)
 2017-09-05 16:35:18 [ main:2244 ] - [ DEBUG ] <==    Updates: 1
 2017-09-05 16:35:18 [ Thread-0:2279 ] - [ INFO ] Closing org.springframework.context.support.GenericApplicationContext@41fbdac4: startup date [Tue Sep 05 16:35:16 CST 2017]; root of context hierarchy
 2017-09-05 16:35:18 [ Thread-0:2290 ] - [ INFO ] {dataSource-1} closed
 2017-09-05 18:33:34 [ main:0 ] - [ INFO ] Loaded default TestExecutionListener class names from location [META-INF/spring.factories]: [org.springframework.test.context.web.ServletTestExecutionListener, org.springframework.test.context.support.DirtiesContextBeforeModesTestExecutionListener, org.springframework.test.context.support.DependencyInjectionTestExecutionListener, org.springframework.test.context.support.DirtiesContextTestExecutionListener, org.springframework.test.context.transaction.TransactionalTestExecutionListener, org.springframework.test.context.jdbc.SqlScriptsTestExecutionListener]
 2017-09-05 18:33:34 [ main:19 ] - [ INFO ] Using TestExecutionListeners: [org.springframework.test.context.web.ServletTestExecutionListener@769e7ee8, org.springframework.test.context.support.DirtiesContextBeforeModesTestExecutionListener@5276e6b0, org.springframework.test.context.support.DependencyInjectionTestExecutionListener@71b1176b, org.springframework.test.context.support.DirtiesContextTestExecutionListener@6193932a, org.springframework.test.context.transaction.TransactionalTestExecutionListener@647fd8ce, org.springframework.test.context.jdbc.SqlScriptsTestExecutionListener@159f197]
 2017-09-05 18:33:35 [ main:114 ] - [ INFO ] Loading XML bean definitions from class path resource [com/sp/config/spring-common.xml]
 2017-09-05 18:33:35 [ main:340 ] - [ INFO ] Loading XML bean definitions from class path resource [com/sp/config/spring-db.xml]
 2017-09-05 18:33:35 [ main:359 ] - [ INFO ] Loading XML bean definitions from class path resource [com/sp/config/spring-mybatis.xml]
 2017-09-05 18:33:35 [ main:377 ] - [ INFO ] Loading XML bean definitions from class path resource [com/sp/config/spring-dao.xml]
 2017-09-05 18:33:35 [ main:394 ] - [ INFO ] Loading XML bean definitions from class path resource [com/sp/config/spring-tx.xml]
 2017-09-05 18:33:35 [ main:430 ] - [ INFO ] Refreshing org.springframework.context.support.GenericApplicationContext@35ef1869: startup date [Tue Sep 05 18:33:35 CST 2017]; root of context hierarchy
 2017-09-05 18:33:35 [ main:598 ] - [ WARN ] No MyBatis mapper was found in '[com.sp.net.dao.impl]' package. Please check your configuration.
 2017-09-05 18:33:36 [ main:1993 ] - [ INFO ] {dataSource-1} inited
 2017-09-05 18:33:36 [ main:2016 ] - [ DEBUG ] ==>  Preparing: SELECT M_ID, M_NAME, M_EXIST_COUNT, M_MIN_COUNT, M_CATEGORY, M_DIAMETER, M_LENGTH, M_WEIGHT, STATE FROM tb_material WHERE M_ID = ? 
 2017-09-05 18:33:37 [ main:2033 ] - [ DEBUG ] ==> Parameters: f3cad0698d6311e7b5cec85b76aeb963(String)
 2017-09-05 18:33:37 [ main:2091 ] - [ DEBUG ] <==      Total: 1
 2017-09-05 18:33:37 [ main:2092 ] - [ DEBUG ] ==>  Preparing: select uuid() from dual 
 2017-09-05 18:33:37 [ main:2092 ] - [ DEBUG ] ==> Parameters: 
 2017-09-05 18:33:37 [ main:2095 ] - [ DEBUG ] <==      Total: 1
 2017-09-05 18:33:37 [ main:2095 ] - [ DEBUG ] ==>  Preparing: INSERT INTO tb_warehouse_record ( W_ID, M_ID , PURCHASE_COUNT , MATERIAL_CATEGORY , PURCHASE_STATE , CREATETIME , MODIFYTIME , STATE ) VALUES ( ?, ?, ?, ?, ?, ?, ?, ? ) 
 2017-09-05 18:33:37 [ main:2101 ] - [ DEBUG ] ==> Parameters: b8b63759-9225-11e7-a3ec-c85b76aeb963(String), f3cad0698d6311e7b5cec85b76aeb963(String), 123456(Integer), 1(Integer), 0(String), 2017-09-05 18:33:37.066(Timestamp), 2017-09-05 18:33:37.066(Timestamp), 1(String)
 2017-09-05 18:33:37 [ main:2101 ] - [ DEBUG ] <==    Updates: 1
 2017-09-05 18:33:37 [ Thread-0:2174 ] - [ INFO ] Closing org.springframework.context.support.GenericApplicationContext@35ef1869: startup date [Tue Sep 05 18:33:35 CST 2017]; root of context hierarchy
 2017-09-05 18:33:37 [ Thread-0:2198 ] - [ INFO ] {dataSource-1} closed
 