2017-08-29 15:02:50 [ main:1 ] - [ INFO ] Loaded default TestExecutionListener class names from location [META-INF/spring.factories]: [org.springframework.test.context.web.ServletTestExecutionListener, org.springframework.test.context.support.DirtiesContextBeforeModesTestExecutionListener, org.springframework.test.context.support.DependencyInjectionTestExecutionListener, org.springframework.test.context.support.DirtiesContextTestExecutionListener, org.springframework.test.context.transaction.TransactionalTestExecutionListener, org.springframework.test.context.jdbc.SqlScriptsTestExecutionListener]
 2017-08-29 15:02:50 [ main:36 ] - [ INFO ] Using TestExecutionListeners: [org.springframework.test.context.web.ServletTestExecutionListener@159f197, org.springframework.test.context.support.DirtiesContextBeforeModesTestExecutionListener@78aab498, org.springframework.test.context.support.DependencyInjectionTestExecutionListener@5dd6264, org.springframework.test.context.support.DirtiesContextTestExecutionListener@1ffe63b9, org.springframework.test.context.transaction.TransactionalTestExecutionListener@51e5fc98, org.springframework.test.context.jdbc.SqlScriptsTestExecutionListener@7c469c48]
 2017-08-29 15:02:50 [ main:288 ] - [ INFO ] Loading XML bean definitions from class path resource [com/sp/config/spring-common.xml]
 2017-08-29 15:02:51 [ main:749 ] - [ INFO ] Loading XML bean definitions from class path resource [com/sp/config/spring-db.xml]
 2017-08-29 15:02:51 [ main:785 ] - [ INFO ] Loading XML bean definitions from class path resource [com/sp/config/spring-mybatis.xml]
 2017-08-29 15:02:51 [ main:825 ] - [ INFO ] Loading XML bean definitions from class path resource [com/sp/config/spring-dao.xml]
 2017-08-29 15:02:51 [ main:915 ] - [ INFO ] Loading XML bean definitions from class path resource [com/sp/config/spring-tx.xml]
 2017-08-29 15:02:51 [ main:1000 ] - [ INFO ] Refreshing org.springframework.context.support.GenericApplicationContext@708f5957: startup date [Tue Aug 29 15:02:51 CST 2017]; root of context hierarchy
 2017-08-29 15:02:51 [ main:1317 ] - [ WARN ] No MyBatis mapper was found in '[com.sp.net.dao.impl]' package. Please check your configuration.
 2017-08-29 15:02:53 [ main:3432 ] - [ INFO ] {dataSource-1} inited
 2017-08-29 15:02:53 [ main:3536 ] - [ DEBUG ] ==>  Preparing: select C_ID, C_NAME, C_CONTACT, C_ADDRESS, C_LEGALPERSON, STATE from tb_client WHERE STATE = ? LIMIT ?,? 
 2017-08-29 15:02:54 [ main:3653 ] - [ DEBUG ] ==> Parameters: 1(String), 0(Integer), 10(Integer)
 2017-08-29 15:02:54 [ main:3686 ] - [ DEBUG ] <==      Total: 2
 2017-08-29 15:02:54 [ Thread-0:3704 ] - [ INFO ] Closing org.springframework.context.support.GenericApplicationContext@708f5957: startup date [Tue Aug 29 15:02:51 CST 2017]; root of context hierarchy
 2017-08-29 15:02:54 [ Thread-0:3717 ] - [ INFO ] {dataSource-1} closed
 2017-08-29 15:03:13 [ main:0 ] - [ INFO ] Loaded default TestExecutionListener class names from location [META-INF/spring.factories]: [org.springframework.test.context.web.ServletTestExecutionListener, org.springframework.test.context.support.DirtiesContextBeforeModesTestExecutionListener, org.springframework.test.context.support.DependencyInjectionTestExecutionListener, org.springframework.test.context.support.DirtiesContextTestExecutionListener, org.springframework.test.context.transaction.TransactionalTestExecutionListener, org.springframework.test.context.jdbc.SqlScriptsTestExecutionListener]
 2017-08-29 15:03:13 [ main:22 ] - [ INFO ] Using TestExecutionListeners: [org.springframework.test.context.web.ServletTestExecutionListener@159f197, org.springframework.test.context.support.DirtiesContextBeforeModesTestExecutionListener@78aab498, org.springframework.test.context.support.DependencyInjectionTestExecutionListener@5dd6264, org.springframework.test.context.support.DirtiesContextTestExecutionListener@1ffe63b9, org.springframework.test.context.transaction.TransactionalTestExecutionListener@51e5fc98, org.springframework.test.context.jdbc.SqlScriptsTestExecutionListener@7c469c48]
 2017-08-29 15:03:13 [ main:163 ] - [ INFO ] Loading XML bean definitions from class path resource [com/sp/config/spring-common.xml]
 2017-08-29 15:03:13 [ main:528 ] - [ INFO ] Loading XML bean definitions from class path resource [com/sp/config/spring-db.xml]
 2017-08-29 15:03:13 [ main:557 ] - [ INFO ] Loading XML bean definitions from class path resource [com/sp/config/spring-mybatis.xml]
 2017-08-29 15:03:13 [ main:595 ] - [ INFO ] Loading XML bean definitions from class path resource [com/sp/config/spring-dao.xml]
 2017-08-29 15:03:13 [ main:633 ] - [ INFO ] Loading XML bean definitions from class path resource [com/sp/config/spring-tx.xml]
 2017-08-29 15:03:13 [ main:708 ] - [ INFO ] Refreshing org.springframework.context.support.GenericApplicationContext@708f5957: startup date [Tue Aug 29 15:03:13 CST 2017]; root of context hierarchy
 2017-08-29 15:03:14 [ main:1078 ] - [ WARN ] No MyBatis mapper was found in '[com.sp.net.dao.impl]' package. Please check your configuration.
 2017-08-29 15:03:16 [ main:3018 ] - [ INFO ] {dataSource-1} inited
 2017-08-29 15:03:16 [ main:3163 ] - [ DEBUG ] ==>  Preparing: select C_ID, C_NAME, C_CONTACT, C_ADDRESS, C_LEGALPERSON, STATE from tb_client WHERE STATE = ? LIMIT ?,? 
 2017-08-29 15:03:16 [ main:3319 ] - [ DEBUG ] ==> Parameters: 1(String), 0(Integer), 10(Integer)
 2017-08-29 15:03:16 [ main:3359 ] - [ DEBUG ] <==      Total: 2
 2017-08-29 15:03:16 [ Thread-0:3387 ] - [ INFO ] Closing org.springframework.context.support.GenericApplicationContext@708f5957: startup date [Tue Aug 29 15:03:13 CST 2017]; root of context hierarchy
 2017-08-29 15:03:16 [ Thread-0:3403 ] - [ INFO ] {dataSource-1} closed
 2017-08-29 15:03:29 [ main:0 ] - [ INFO ] Loaded default TestExecutionListener class names from location [META-INF/spring.factories]: [org.springframework.test.context.web.ServletTestExecutionListener, org.springframework.test.context.support.DirtiesContextBeforeModesTestExecutionListener, org.springframework.test.context.support.DependencyInjectionTestExecutionListener, org.springframework.test.context.support.DirtiesContextTestExecutionListener, org.springframework.test.context.transaction.TransactionalTestExecutionListener, org.springframework.test.context.jdbc.SqlScriptsTestExecutionListener]
 2017-08-29 15:03:29 [ main:52 ] - [ INFO ] Using TestExecutionListeners: [org.springframework.test.context.web.ServletTestExecutionListener@159f197, org.springframework.test.context.support.DirtiesContextBeforeModesTestExecutionListener@78aab498, org.springframework.test.context.support.DependencyInjectionTestExecutionListener@5dd6264, org.springframework.test.context.support.DirtiesContextTestExecutionListener@1ffe63b9, org.springframework.test.context.transaction.TransactionalTestExecutionListener@51e5fc98, org.springframework.test.context.jdbc.SqlScriptsTestExecutionListener@7c469c48]
 2017-08-29 15:03:29 [ main:185 ] - [ INFO ] Loading XML bean definitions from class path resource [com/sp/config/spring-common.xml]
 2017-08-29 15:03:30 [ main:482 ] - [ INFO ] Loading XML bean definitions from class path resource [com/sp/config/spring-db.xml]
 2017-08-29 15:03:30 [ main:516 ] - [ INFO ] Loading XML bean definitions from class path resource [com/sp/config/spring-mybatis.xml]
 2017-08-29 15:03:30 [ main:580 ] - [ INFO ] Loading XML bean definitions from class path resource [com/sp/config/spring-dao.xml]
 2017-08-29 15:03:30 [ main:602 ] - [ INFO ] Loading XML bean definitions from class path resource [com/sp/config/spring-tx.xml]
 2017-08-29 15:03:30 [ main:682 ] - [ INFO ] Refreshing org.springframework.context.support.GenericApplicationContext@708f5957: startup date [Tue Aug 29 15:03:30 CST 2017]; root of context hierarchy
 2017-08-29 15:03:30 [ main:1063 ] - [ WARN ] No MyBatis mapper was found in '[com.sp.net.dao.impl]' package. Please check your configuration.
 2017-08-29 15:03:32 [ main:3133 ] - [ INFO ] {dataSource-1} inited
 2017-08-29 15:03:33 [ main:3342 ] - [ DEBUG ] ==>  Preparing: select C_ID, C_NAME, C_CONTACT, C_ADDRESS, C_LEGALPERSON, STATE from tb_client WHERE STATE = ? LIMIT ?,? 
 2017-08-29 15:03:33 [ main:3471 ] - [ DEBUG ] ==> Parameters: 1(String), 0(Integer), 10(Integer)
 2017-08-29 15:03:33 [ main:3498 ] - [ DEBUG ] <==      Total: 2
 2017-08-29 15:03:33 [ Thread-0:3520 ] - [ INFO ] Closing org.springframework.context.support.GenericApplicationContext@708f5957: startup date [Tue Aug 29 15:03:30 CST 2017]; root of context hierarchy
 2017-08-29 15:03:33 [ Thread-0:3545 ] - [ INFO ] {dataSource-1} closed
 2017-08-29 17:09:54 [ main:0 ] - [ INFO ] Loaded default TestExecutionListener class names from location [META-INF/spring.factories]: [org.springframework.test.context.web.ServletTestExecutionListener, org.springframework.test.context.support.DirtiesContextBeforeModesTestExecutionListener, org.springframework.test.context.support.DependencyInjectionTestExecutionListener, org.springframework.test.context.support.DirtiesContextTestExecutionListener, org.springframework.test.context.transaction.TransactionalTestExecutionListener, org.springframework.test.context.jdbc.SqlScriptsTestExecutionListener]
 2017-08-29 17:09:54 [ main:32 ] - [ INFO ] Using TestExecutionListeners: [org.springframework.test.context.web.ServletTestExecutionListener@159f197, org.springframework.test.context.support.DirtiesContextBeforeModesTestExecutionListener@78aab498, org.springframework.test.context.support.DependencyInjectionTestExecutionListener@5dd6264, org.springframework.test.context.support.DirtiesContextTestExecutionListener@1ffe63b9, org.springframework.test.context.transaction.TransactionalTestExecutionListener@51e5fc98, org.springframework.test.context.jdbc.SqlScriptsTestExecutionListener@7c469c48]
 2017-08-29 17:09:54 [ main:153 ] - [ INFO ] Loading XML bean definitions from class path resource [com/sp/config/spring-common.xml]
 2017-08-29 17:09:54 [ main:391 ] - [ INFO ] Loading XML bean definitions from class path resource [com/sp/config/spring-db.xml]
 2017-08-29 17:09:54 [ main:411 ] - [ INFO ] Loading XML bean definitions from class path resource [com/sp/config/spring-mybatis.xml]
 2017-08-29 17:09:54 [ main:434 ] - [ INFO ] Loading XML bean definitions from class path resource [com/sp/config/spring-dao.xml]
 2017-08-29 17:09:54 [ main:452 ] - [ INFO ] Loading XML bean definitions from class path resource [com/sp/config/spring-tx.xml]
 2017-08-29 17:09:54 [ main:529 ] - [ INFO ] Refreshing org.springframework.context.support.GenericApplicationContext@708f5957: startup date [Tue Aug 29 17:09:54 CST 2017]; root of context hierarchy
 2017-08-29 17:09:54 [ main:797 ] - [ WARN ] No MyBatis mapper was found in '[com.sp.net.dao.impl]' package. Please check your configuration.
 2017-08-29 17:09:56 [ main:2252 ] - [ INFO ] {dataSource-1} inited
 2017-08-29 17:09:56 [ main:2333 ] - [ DEBUG ] ==>  Preparing: select C_ID, C_NAME, C_CONTACT, C_ADDRESS, C_LEGALPERSON, STATE from tb_client WHERE STATE = ? LIMIT ?,? 
 2017-08-29 17:09:56 [ main:2402 ] - [ DEBUG ] ==> Parameters: 1(String), 0(Integer), 10(Integer)
 2017-08-29 17:09:56 [ main:2420 ] - [ DEBUG ] <==      Total: 2
 2017-08-29 17:09:56 [ Thread-0:2434 ] - [ INFO ] Closing org.springframework.context.support.GenericApplicationContext@708f5957: startup date [Tue Aug 29 17:09:54 CST 2017]; root of context hierarchy
 2017-08-29 17:09:56 [ Thread-0:2450 ] - [ INFO ] {dataSource-1} closed
 2017-08-29 17:30:05 [ main:0 ] - [ INFO ] Loaded default TestExecutionListener class names from location [META-INF/spring.factories]: [org.springframework.test.context.web.ServletTestExecutionListener, org.springframework.test.context.support.DirtiesContextBeforeModesTestExecutionListener, org.springframework.test.context.support.DependencyInjectionTestExecutionListener, org.springframework.test.context.support.DirtiesContextTestExecutionListener, org.springframework.test.context.transaction.TransactionalTestExecutionListener, org.springframework.test.context.jdbc.SqlScriptsTestExecutionListener]
 2017-08-29 17:30:05 [ main:27 ] - [ INFO ] Using TestExecutionListeners: [org.springframework.test.context.web.ServletTestExecutionListener@159f197, org.springframework.test.context.support.DirtiesContextBeforeModesTestExecutionListener@78aab498, org.springframework.test.context.support.DependencyInjectionTestExecutionListener@5dd6264, org.springframework.test.context.support.DirtiesContextTestExecutionListener@1ffe63b9, org.springframework.test.context.transaction.TransactionalTestExecutionListener@51e5fc98, org.springframework.test.context.jdbc.SqlScriptsTestExecutionListener@7c469c48]
 2017-08-29 17:30:05 [ main:170 ] - [ INFO ] Loading XML bean definitions from class path resource [com/sp/config/spring-common.xml]
 2017-08-29 17:30:06 [ main:461 ] - [ INFO ] Loading XML bean definitions from class path resource [com/sp/config/spring-db.xml]
 2017-08-29 17:30:06 [ main:485 ] - [ INFO ] Loading XML bean definitions from class path resource [com/sp/config/spring-mybatis.xml]
 2017-08-29 17:30:06 [ main:512 ] - [ INFO ] Loading XML bean definitions from class path resource [com/sp/config/spring-dao.xml]
 2017-08-29 17:30:06 [ main:534 ] - [ INFO ] Loading XML bean definitions from class path resource [com/sp/config/spring-tx.xml]
 2017-08-29 17:30:06 [ main:602 ] - [ INFO ] Refreshing org.springframework.context.support.GenericApplicationContext@708f5957: startup date [Tue Aug 29 17:30:06 CST 2017]; root of context hierarchy
 2017-08-29 17:30:06 [ main:814 ] - [ WARN ] No MyBatis mapper was found in '[com.sp.net.dao.impl]' package. Please check your configuration.
 2017-08-29 17:30:07 [ main:2165 ] - [ INFO ] {dataSource-1} inited
 2017-08-29 17:30:07 [ main:2245 ] - [ DEBUG ] ==>  Preparing: select A_id, A_account, A_pwd, A_role, A_dept, A_name, A_contact, STATE from tb_admin WHERE STATE = 1 and STATE = ? LIMIT ?,? 
 2017-08-29 17:30:07 [ main:2333 ] - [ DEBUG ] ==> Parameters: 1(String), 1(Integer), 1(Integer)
 2017-08-29 17:30:07 [ main:2353 ] - [ DEBUG ] <==      Total: 1
 2017-08-29 17:30:07 [ main:2354 ] - [ DEBUG ] ==>  Preparing: select count(1) from tb_admin WHERE STATE = 1 and STATE = ? 
 2017-08-29 17:30:07 [ main:2354 ] - [ DEBUG ] ==> Parameters: 1(String)
 2017-08-29 17:30:07 [ main:2356 ] - [ DEBUG ] <==      Total: 1
 2017-08-29 17:30:07 [ Thread-0:2371 ] - [ INFO ] Closing org.springframework.context.support.GenericApplicationContext@708f5957: startup date [Tue Aug 29 17:30:06 CST 2017]; root of context hierarchy
 2017-08-29 17:30:07 [ Thread-0:2384 ] - [ INFO ] {dataSource-1} closed
 2017-08-29 17:30:37 [ main:0 ] - [ INFO ] Loaded default TestExecutionListener class names from location [META-INF/spring.factories]: [org.springframework.test.context.web.ServletTestExecutionListener, org.springframework.test.context.support.DirtiesContextBeforeModesTestExecutionListener, org.springframework.test.context.support.DependencyInjectionTestExecutionListener, org.springframework.test.context.support.DirtiesContextTestExecutionListener, org.springframework.test.context.transaction.TransactionalTestExecutionListener, org.springframework.test.context.jdbc.SqlScriptsTestExecutionListener]
 2017-08-29 17:30:37 [ main:28 ] - [ INFO ] Using TestExecutionListeners: [org.springframework.test.context.web.ServletTestExecutionListener@159f197, org.springframework.test.context.support.DirtiesContextBeforeModesTestExecutionListener@78aab498, org.springframework.test.context.support.DependencyInjectionTestExecutionListener@5dd6264, org.springframework.test.context.support.DirtiesContextTestExecutionListener@1ffe63b9, org.springframework.test.context.transaction.TransactionalTestExecutionListener@51e5fc98, org.springframework.test.context.jdbc.SqlScriptsTestExecutionListener@7c469c48]
 2017-08-29 17:30:37 [ main:145 ] - [ INFO ] Loading XML bean definitions from class path resource [com/sp/config/spring-common.xml]
 2017-08-29 17:30:38 [ main:414 ] - [ INFO ] Loading XML bean definitions from class path resource [com/sp/config/spring-db.xml]
 2017-08-29 17:30:38 [ main:510 ] - [ INFO ] Loading XML bean definitions from class path resource [com/sp/config/spring-mybatis.xml]
 2017-08-29 17:30:38 [ main:606 ] - [ INFO ] Loading XML bean definitions from class path resource [com/sp/config/spring-dao.xml]
 2017-08-29 17:30:38 [ main:657 ] - [ INFO ] Loading XML bean definitions from class path resource [com/sp/config/spring-tx.xml]
 2017-08-29 17:30:38 [ main:739 ] - [ INFO ] Refreshing org.springframework.context.support.GenericApplicationContext@708f5957: startup date [Tue Aug 29 17:30:38 CST 2017]; root of context hierarchy
 2017-08-29 17:30:38 [ main:971 ] - [ WARN ] No MyBatis mapper was found in '[com.sp.net.dao.impl]' package. Please check your configuration.
 2017-08-29 17:30:40 [ main:2397 ] - [ INFO ] {dataSource-1} inited
 2017-08-29 17:30:40 [ main:2491 ] - [ DEBUG ] ==>  Preparing: select C_ID, C_NAME, C_CONTACT, C_ADDRESS, C_LEGALPERSON, STATE from tb_client WHERE STATE = ? LIMIT ?,? 
 2017-08-29 17:30:40 [ main:2656 ] - [ DEBUG ] ==> Parameters: 1(String), 0(Integer), 2(Integer)
 2017-08-29 17:30:40 [ main:2692 ] - [ DEBUG ] <==      Total: 2
 2017-08-29 17:30:40 [ main:2692 ] - [ DEBUG ] ==>  Preparing: select count(1) from tb_client WHERE STATE = ? 
 2017-08-29 17:30:40 [ main:2693 ] - [ DEBUG ] ==> Parameters: 1(String)
 2017-08-29 17:30:40 [ main:2695 ] - [ DEBUG ] <==      Total: 1
 2017-08-29 17:30:40 [ main:2702 ] - [ DEBUG ] ==>  Preparing: UPDATE tb_client SET STATE = 0 WHERE C_ID = ? 
 2017-08-29 17:30:40 [ main:2702 ] - [ DEBUG ] ==> Parameters: 27faf4ea8c8311e7b5cec85b76aeb963(String)
 2017-08-29 17:30:40 [ main:2703 ] - [ DEBUG ] <==    Updates: 1
 2017-08-29 17:30:40 [ main:2704 ] - [ DEBUG ] ==>  Preparing: UPDATE tb_client SET STATE = 0 WHERE C_ID = ? 
 2017-08-29 17:30:40 [ main:2705 ] - [ DEBUG ] ==> Parameters: 3ea284418c6e11e7b5cec85b76aeb963(String)
 2017-08-29 17:30:40 [ main:2707 ] - [ DEBUG ] <==    Updates: 1
 2017-08-29 17:30:40 [ Thread-0:2789 ] - [ INFO ] Closing org.springframework.context.support.GenericApplicationContext@708f5957: startup date [Tue Aug 29 17:30:38 CST 2017]; root of context hierarchy
 2017-08-29 17:30:40 [ Thread-0:2803 ] - [ INFO ] {dataSource-1} closed
 2017-08-29 17:31:12 [ main:0 ] - [ INFO ] Loaded default TestExecutionListener class names from location [META-INF/spring.factories]: [org.springframework.test.context.web.ServletTestExecutionListener, org.springframework.test.context.support.DirtiesContextBeforeModesTestExecutionListener, org.springframework.test.context.support.DependencyInjectionTestExecutionListener, org.springframework.test.context.support.DirtiesContextTestExecutionListener, org.springframework.test.context.transaction.TransactionalTestExecutionListener, org.springframework.test.context.jdbc.SqlScriptsTestExecutionListener]
 2017-08-29 17:31:12 [ main:27 ] - [ INFO ] Using TestExecutionListeners: [org.springframework.test.context.web.ServletTestExecutionListener@159f197, org.springframework.test.context.support.DirtiesContextBeforeModesTestExecutionListener@78aab498, org.springframework.test.context.support.DependencyInjectionTestExecutionListener@5dd6264, org.springframework.test.context.support.DirtiesContextTestExecutionListener@1ffe63b9, org.springframework.test.context.transaction.TransactionalTestExecutionListener@51e5fc98, org.springframework.test.context.jdbc.SqlScriptsTestExecutionListener@7c469c48]
 2017-08-29 17:31:12 [ main:193 ] - [ INFO ] Loading XML bean definitions from class path resource [com/sp/config/spring-common.xml]
 2017-08-29 17:31:12 [ main:452 ] - [ INFO ] Loading XML bean definitions from class path resource [com/sp/config/spring-db.xml]
 2017-08-29 17:31:12 [ main:482 ] - [ INFO ] Loading XML bean definitions from class path resource [com/sp/config/spring-mybatis.xml]
 2017-08-29 17:31:12 [ main:546 ] - [ INFO ] Loading XML bean definitions from class path resource [com/sp/config/spring-dao.xml]
 2017-08-29 17:31:12 [ main:568 ] - [ INFO ] Loading XML bean definitions from class path resource [com/sp/config/spring-tx.xml]
 2017-08-29 17:31:13 [ main:666 ] - [ INFO ] Refreshing org.springframework.context.support.GenericApplicationContext@708f5957: startup date [Tue Aug 29 17:31:13 CST 2017]; root of context hierarchy
 2017-08-29 17:31:13 [ main:924 ] - [ WARN ] No MyBatis mapper was found in '[com.sp.net.dao.impl]' package. Please check your configuration.
 2017-08-29 17:31:14 [ main:2159 ] - [ INFO ] {dataSource-1} inited
 2017-08-29 17:31:14 [ main:2233 ] - [ DEBUG ] ==>  Preparing: select C_ID, C_NAME, C_CONTACT, C_ADDRESS, C_LEGALPERSON, STATE from tb_client WHERE STATE = ? LIMIT ?,? 
 2017-08-29 17:31:14 [ main:2315 ] - [ DEBUG ] ==> Parameters: 1(String), 0(Integer), 10(Integer)
 2017-08-29 17:31:14 [ main:2331 ] - [ DEBUG ] <==      Total: 0
 2017-08-29 17:31:14 [ main:2333 ] - [ DEBUG ] ==>  Preparing: select count(1) from tb_client WHERE STATE = ? 
 2017-08-29 17:31:14 [ main:2333 ] - [ DEBUG ] ==> Parameters: 1(String)
 2017-08-29 17:31:14 [ main:2335 ] - [ DEBUG ] <==      Total: 1
 2017-08-29 17:31:14 [ Thread-0:2348 ] - [ INFO ] Closing org.springframework.context.support.GenericApplicationContext@708f5957: startup date [Tue Aug 29 17:31:13 CST 2017]; root of context hierarchy
 2017-08-29 17:31:14 [ Thread-0:2379 ] - [ INFO ] {dataSource-1} closed
 2017-08-29 17:50:37 [ main:0 ] - [ INFO ] Loaded default TestExecutionListener class names from location [META-INF/spring.factories]: [org.springframework.test.context.web.ServletTestExecutionListener, org.springframework.test.context.support.DirtiesContextBeforeModesTestExecutionListener, org.springframework.test.context.support.DependencyInjectionTestExecutionListener, org.springframework.test.context.support.DirtiesContextTestExecutionListener, org.springframework.test.context.transaction.TransactionalTestExecutionListener, org.springframework.test.context.jdbc.SqlScriptsTestExecutionListener]
 2017-08-29 17:50:37 [ main:24 ] - [ INFO ] Using TestExecutionListeners: [org.springframework.test.context.web.ServletTestExecutionListener@159f197, org.springframework.test.context.support.DirtiesContextBeforeModesTestExecutionListener@78aab498, org.springframework.test.context.support.DependencyInjectionTestExecutionListener@5dd6264, org.springframework.test.context.support.DirtiesContextTestExecutionListener@1ffe63b9, org.springframework.test.context.transaction.TransactionalTestExecutionListener@51e5fc98, org.springframework.test.context.jdbc.SqlScriptsTestExecutionListener@7c469c48]
 2017-08-29 17:50:37 [ main:247 ] - [ INFO ] Loading XML bean definitions from class path resource [com/sp/config/spring-common.xml]
 2017-08-29 17:50:37 [ main:550 ] - [ INFO ] Loading XML bean definitions from class path resource [com/sp/config/spring-db.xml]
 2017-08-29 17:50:37 [ main:581 ] - [ INFO ] Loading XML bean definitions from class path resource [com/sp/config/spring-mybatis.xml]
 2017-08-29 17:50:37 [ main:610 ] - [ INFO ] Loading XML bean definitions from class path resource [com/sp/config/spring-dao.xml]
 2017-08-29 17:50:37 [ main:629 ] - [ INFO ] Loading XML bean definitions from class path resource [com/sp/config/spring-tx.xml]
 2017-08-29 17:50:37 [ main:685 ] - [ INFO ] Refreshing org.springframework.context.support.GenericApplicationContext@708f5957: startup date [Tue Aug 29 17:50:37 CST 2017]; root of context hierarchy
 2017-08-29 17:50:38 [ main:1018 ] - [ WARN ] No MyBatis mapper was found in '[com.sp.net.dao.impl]' package. Please check your configuration.
 2017-08-29 17:50:39 [ main:2569 ] - [ INFO ] {dataSource-1} inited
 2017-08-29 17:50:39 [ main:2660 ] - [ DEBUG ] ==>  Preparing: select C_ID, C_NAME, C_CONTACT, C_ADDRESS, C_LEGALPERSON, STATE from tb_client WHERE STATE = ? LIMIT ?,? 
 2017-08-29 17:50:40 [ main:2762 ] - [ DEBUG ] ==> Parameters: 1(String), 0(Integer), 1(Integer)
 2017-08-29 17:50:40 [ main:2788 ] - [ DEBUG ] <==      Total: 1
 2017-08-29 17:50:40 [ main:2789 ] - [ DEBUG ] ==>  Preparing: select count(1) from tb_client WHERE STATE = ? 
 2017-08-29 17:50:40 [ main:2789 ] - [ DEBUG ] ==> Parameters: 1(String)
 2017-08-29 17:50:40 [ main:2792 ] - [ DEBUG ] <==      Total: 1
 2017-08-29 17:50:40 [ main:2796 ] - [ DEBUG ] ==>  Preparing: UPDATE tb_client SET C_NAME = ?, C_CONTACT = ?, C_ADDRESS = ?, C_LEGALPERSON = ?, STATE = ? WHERE C_ID = ? /> 
 2017-08-29 17:50:40 [ main:2796 ] - [ DEBUG ] ==> Parameters: test(String), 020-123321123(String), where is it(String), ttttt(String), 1(String), 27faf4ea8c8311e7b5cec85b76aeb963(String)
 2017-08-29 17:50:40 [ main:2815 ] - [ INFO ] Loading XML bean definitions from class path resource [org/springframework/jdbc/support/sql-error-codes.xml]
 2017-08-29 17:50:40 [ main:2943 ] - [ INFO ] SQLErrorCodes loaded: [DB2, Derby, H2, HSQL, Informix, MS-SQL, MySQL, Oracle, PostgreSQL, Sybase, Hana]
 2017-08-29 17:50:40 [ Thread-0:2960 ] - [ INFO ] Closing org.springframework.context.support.GenericApplicationContext@708f5957: startup date [Tue Aug 29 17:50:37 CST 2017]; root of context hierarchy
 2017-08-29 17:50:40 [ Thread-0:2971 ] - [ INFO ] {dataSource-1} closed
 2017-08-29 17:54:14 [ main:0 ] - [ INFO ] Loaded default TestExecutionListener class names from location [META-INF/spring.factories]: [org.springframework.test.context.web.ServletTestExecutionListener, org.springframework.test.context.support.DirtiesContextBeforeModesTestExecutionListener, org.springframework.test.context.support.DependencyInjectionTestExecutionListener, org.springframework.test.context.support.DirtiesContextTestExecutionListener, org.springframework.test.context.transaction.TransactionalTestExecutionListener, org.springframework.test.context.jdbc.SqlScriptsTestExecutionListener]
 2017-08-29 17:54:14 [ main:22 ] - [ INFO ] Using TestExecutionListeners: [org.springframework.test.context.web.ServletTestExecutionListener@159f197, org.springframework.test.context.support.DirtiesContextBeforeModesTestExecutionListener@78aab498, org.springframework.test.context.support.DependencyInjectionTestExecutionListener@5dd6264, org.springframework.test.context.support.DirtiesContextTestExecutionListener@1ffe63b9, org.springframework.test.context.transaction.TransactionalTestExecutionListener@51e5fc98, org.springframework.test.context.jdbc.SqlScriptsTestExecutionListener@7c469c48]
 2017-08-29 17:54:14 [ main:183 ] - [ INFO ] Loading XML bean definitions from class path resource [com/sp/config/spring-common.xml]
 2017-08-29 17:54:15 [ main:407 ] - [ INFO ] Loading XML bean definitions from class path resource [com/sp/config/spring-db.xml]
 2017-08-29 17:54:15 [ main:432 ] - [ INFO ] Loading XML bean definitions from class path resource [com/sp/config/spring-mybatis.xml]
 2017-08-29 17:54:15 [ main:457 ] - [ INFO ] Loading XML bean definitions from class path resource [com/sp/config/spring-dao.xml]
 2017-08-29 17:54:15 [ main:480 ] - [ INFO ] Loading XML bean definitions from class path resource [com/sp/config/spring-tx.xml]
 2017-08-29 17:54:15 [ main:558 ] - [ INFO ] Refreshing org.springframework.context.support.GenericApplicationContext@708f5957: startup date [Tue Aug 29 17:54:15 CST 2017]; root of context hierarchy
 2017-08-29 17:54:15 [ main:820 ] - [ WARN ] No MyBatis mapper was found in '[com.sp.net.dao.impl]' package. Please check your configuration.
 2017-08-29 17:54:16 [ main:2079 ] - [ INFO ] {dataSource-1} inited
 2017-08-29 17:54:16 [ main:2156 ] - [ DEBUG ] ==>  Preparing: select C_ID, C_NAME, C_CONTACT, C_ADDRESS, C_LEGALPERSON, STATE from tb_client WHERE STATE = ? LIMIT ?,? 
 2017-08-29 17:54:16 [ main:2236 ] - [ DEBUG ] ==> Parameters: 1(String), 0(Integer), 1(Integer)
 2017-08-29 17:54:16 [ main:2251 ] - [ DEBUG ] <==      Total: 1
 2017-08-29 17:54:16 [ main:2252 ] - [ DEBUG ] ==>  Preparing: select count(1) from tb_client WHERE STATE = ? 
 2017-08-29 17:54:16 [ main:2252 ] - [ DEBUG ] ==> Parameters: 1(String)
 2017-08-29 17:54:16 [ main:2254 ] - [ DEBUG ] <==      Total: 1
 2017-08-29 17:54:16 [ main:2257 ] - [ DEBUG ] ==>  Preparing: UPDATE tb_client SET C_NAME = ?, C_CONTACT = ?, C_ADDRESS = ?, C_LEGALPERSON = ?, STATE = ? WHERE C_ID = ? 
 2017-08-29 17:54:16 [ main:2258 ] - [ DEBUG ] ==> Parameters: test(String), 020-123321123(String), where is it(String), ttttt(String), 1(String), 27faf4ea8c8311e7b5cec85b76aeb963(String)
 2017-08-29 17:54:16 [ main:2282 ] - [ DEBUG ] <==    Updates: 1
 2017-08-29 17:54:16 [ Thread-0:2316 ] - [ INFO ] Closing org.springframework.context.support.GenericApplicationContext@708f5957: startup date [Tue Aug 29 17:54:15 CST 2017]; root of context hierarchy
 2017-08-29 17:54:17 [ Thread-0:2343 ] - [ INFO ] {dataSource-1} closed
 